2025-01-31 12:49:38 [INFO] フレーム取得: OK
2025-01-31 12:49:38 [INFO] 新しいステージングテクスチャを作成
2025-01-31 12:49:38 [INFO] テクスチャサイズ: 2304x1536
2025-01-31 12:49:38 [INFO] テクスチャコピー時間: 150.2µs
2025-01-31 12:49:38 [INFO] テクスチャマッピング時間: 5.6447ms
2025-01-31 12:49:39 [INFO] BGRA->RGB変換時間: 120.8929ms
2025-01-31 12:49:39 [INFO] 全体の処理時間: 128.3545ms
2025-01-31 12:49:39 [INFO] フレーム処理時間: 128.6725ms
2025-01-31 12:49:39 [INFO] フレーム変換成功: 2304x1536
2025-01-31 12:49:39 [INFO] フレーム取得: OK
2025-01-31 12:49:39 [INFO] テクスチャサイズ: 2304x1536
2025-01-31 12:49:39 [INFO] テクスチャコピー時間: 20.5µs
2025-01-31 12:49:39 [INFO] テクスチャマッピング時間: 1.376ms
2025-01-31 12:49:39 [INFO] BGRA->RGB変換時間: 142.8429ms
2025-01-31 12:49:39 [INFO] 全体の処理時間: 145.368ms
2025-01-31 12:49:39 [INFO] フレーム処理時間: 145.5418ms
2025-01-31 12:49:39 [INFO] フレーム変換成功: 2304x1536
2025-01-31 12:49:39 [INFO] フレーム取得: OK
2025-01-31 12:49:39 [INFO] テクスチャサイズ: 2304x1536
2025-01-31 12:49:39 [INFO] テクスチャコピー時間: 19.2µs
2025-01-31 12:49:39 [INFO] テクスチャマッピング時間: 1.0986ms
2025-01-31 12:49:39 [INFO] BGRA->RGB変換時間: 120.7404ms
2025-01-31 12:49:39 [INFO] 全体の処理時間: 122.557ms
2025-01-31 12:49:39 [INFO] フレーム処理時間: 122.6703ms
2025-01-31 12:49:39 [INFO] フレーム変換成功: 2304x1536
2025-01-31 12:49:39 [INFO] フレーム取得: OK
2025-01-31 12:49:39 [INFO] テクスチャサイズ: 2304x1536
2025-01-31 12:49:39 [INFO] テクスチャコピー時間: 22.2µs
2025-01-31 12:49:39 [INFO] テクスチャマッピング時間: 1.1491ms
2025-01-31 12:49:39 [INFO] BGRA->RGB変換時間: 105.181ms
2025-01-31 12:49:39 [INFO] 全体の処理時間: 107.0771ms
2025-01-31 12:49:39 [INFO] フレーム処理時間: 107.2054ms
2025-01-31 12:49:39 [INFO] フレーム変換成功: 2304x1536
2025-01-31 12:49:39 [INFO] フレーム取得: OK
2025-01-31 12:49:39 [INFO] テクスチャサイズ: 2304x1536
2025-01-31 12:49:39 [INFO] テクスチャコピー時間: 14.5µs
2025-01-31 12:49:39 [INFO] テクスチャマッピング時間: 1.2063ms
2025-01-31 12:49:39 [INFO] BGRA->RGB変換時間: 93.4263ms
2025-01-31 12:49:39 [INFO] 全体の処理時間: 95.5098ms
2025-01-31 12:49:39 [INFO] フレーム処理時間: 95.731ms
2025-01-31 12:49:39 [INFO] フレーム変換成功: 2304x1536
2025-01-31 12:49:39 [INFO] フレーム取得: OK
2025-01-31 12:49:39 [INFO] テクスチャサイズ: 2304x1536
2025-01-31 12:49:39 [INFO] テクスチャコピー時間: 19.1µs
2025-01-31 12:49:39 [INFO] テクスチャマッピング時間: 1.1045ms
2025-01-31 12:49:39 [INFO] BGRA->RGB変換時間: 95.8595ms
2025-01-31 12:49:39 [INFO] 全体の処理時間: 97.7448ms
2025-01-31 12:49:39 [INFO] フレーム処理時間: 97.8475ms
2025-01-31 12:49:39 [INFO] フレーム変換成功: 2304x1536
2025-01-31 12:49:39 [INFO] フレーム取得: OK
2025-01-31 12:49:39 [INFO] テクスチャサイズ: 2304x1536
2025-01-31 12:49:39 [INFO] テクスチャコピー時間: 13.4µs
2025-01-31 12:49:39 [INFO] テクスチャマッピング時間: 1.0823ms
2025-01-31 12:49:39 [INFO] BGRA->RGB変換時間: 97.146ms
2025-01-31 12:49:39 [INFO] 全体の処理時間: 98.9032ms
2025-01-31 12:49:39 [INFO] フレーム処理時間: 99.0723ms
2025-01-31 12:49:39 [INFO] フレーム変換成功: 2304x1536
2025-01-31 12:49:39 [INFO] フレーム取得: OK
2025-01-31 12:49:39 [INFO] テクスチャサイズ: 2304x1536
2025-01-31 12:49:39 [INFO] テクスチャコピー時間: 19.3µs
2025-01-31 12:49:39 [INFO] テクスチャマッピング時間: 1.1144ms
2025-01-31 12:49:39 [INFO] BGRA->RGB変換時間: 101.4311ms
2025-01-31 12:49:39 [INFO] 全体の処理時間: 103.2276ms
2025-01-31 12:49:39 [INFO] フレーム処理時間: 103.3889ms
2025-01-31 12:49:39 [INFO] フレーム変換成功: 2304x1536
2025-01-31 12:49:39 [INFO] フレーム取得: OK
2025-01-31 12:49:39 [INFO] テクスチャサイズ: 2304x1536
2025-01-31 12:49:39 [INFO] テクスチャコピー時間: 35.4µs
2025-01-31 12:49:39 [INFO] テクスチャマッピング時間: 1.1215ms
2025-01-31 12:49:40 [INFO] BGRA->RGB変換時間: 101.1943ms
2025-01-31 12:49:40 [INFO] 全体の処理時間: 103.0526ms
2025-01-31 12:49:40 [INFO] フレーム処理時間: 103.2328ms
2025-01-31 12:49:40 [INFO] フレーム変換成功: 2304x1536
2025-01-31 12:49:40 [INFO] フレーム取得: OK
2025-01-31 12:49:40 [INFO] テクスチャサイズ: 2304x1536
2025-01-31 12:49:40 [INFO] テクスチャコピー時間: 23.5µs
2025-01-31 12:49:40 [INFO] テクスチャマッピング時間: 1.1399ms
2025-01-31 12:49:40 [INFO] BGRA->RGB変換時間: 156.1088ms
2025-01-31 12:49:40 [INFO] 全体の処理時間: 158.3496ms
2025-01-31 12:49:40 [INFO] フレーム処理時間: 158.5638ms
2025-01-31 12:49:40 [INFO] フレーム変換成功: 2304x1536
2025-01-31 12:49:40 [INFO] フレーム取得: OK
2025-01-31 12:49:40 [INFO] テクスチャサイズ: 2304x1536
2025-01-31 12:49:40 [INFO] テクスチャコピー時間: 20µs
2025-01-31 12:49:40 [INFO] テクスチャマッピング時間: 1.1393ms
2025-01-31 12:49:40 [INFO] BGRA->RGB変換時間: 108.6374ms
2025-01-31 12:49:40 [INFO] 全体の処理時間: 110.6311ms
2025-01-31 12:49:40 [INFO] フレーム処理時間: 110.8774ms
2025-01-31 12:49:40 [INFO] フレーム変換成功: 2304x1536
2025-01-31 12:49:40 [INFO] フレーム取得: OK
2025-01-31 12:49:40 [INFO] テクスチャサイズ: 2304x1536
2025-01-31 12:49:40 [INFO] テクスチャコピー時間: 23.6µs
2025-01-31 12:49:40 [INFO] テクスチャマッピング時間: 1.1107ms
2025-01-31 12:49:40 [INFO] BGRA->RGB変換時間: 100.8054ms
2025-01-31 12:49:40 [INFO] 全体の処理時間: 102.9333ms
2025-01-31 12:49:40 [INFO] フレーム処理時間: 103.1445ms
2025-01-31 12:49:40 [INFO] フレーム変換成功: 2304x1536
2025-01-31 12:49:40 [INFO] フレーム取得: OK
2025-01-31 12:49:40 [INFO] テクスチャサイズ: 2304x1536
2025-01-31 12:49:40 [INFO] テクスチャコピー時間: 15.6µs
2025-01-31 12:49:40 [INFO] テクスチャマッピング時間: 1.146ms
2025-01-31 12:49:40 [INFO] BGRA->RGB変換時間: 117.078ms
2025-01-31 12:49:40 [INFO] 全体の処理時間: 119.206ms
2025-01-31 12:49:40 [INFO] フレーム処理時間: 119.3907ms
2025-01-31 12:49:40 [INFO] フレーム変換成功: 2304x1536
2025-01-31 12:49:40 [INFO] フレーム取得: OK
2025-01-31 12:49:40 [INFO] テクスチャサイズ: 2304x1536
2025-01-31 12:49:40 [INFO] テクスチャコピー時間: 21.2µs
2025-01-31 12:49:40 [INFO] テクスチャマッピング時間: 1.106ms
2025-01-31 12:49:40 [INFO] BGRA->RGB変換時間: 115.659ms
2025-01-31 12:49:40 [INFO] 全体の処理時間: 117.548ms
2025-01-31 12:49:40 [INFO] フレーム処理時間: 117.7025ms
2025-01-31 12:49:40 [INFO] フレーム変換成功: 2304x1536
2025-01-31 12:49:40 [INFO] フレーム取得: OK
2025-01-31 12:49:40 [INFO] テクスチャサイズ: 2304x1536
2025-01-31 12:49:40 [INFO] テクスチャコピー時間: 20µs
2025-01-31 12:49:40 [INFO] テクスチャマッピング時間: 1.4785ms
2025-01-31 12:49:40 [INFO] BGRA->RGB変換時間: 120.4367ms
2025-01-31 12:49:40 [INFO] 全体の処理時間: 122.8505ms
2025-01-31 12:49:40 [INFO] フレーム処理時間: 123.0721ms
2025-01-31 12:49:40 [INFO] フレーム変換成功: 2304x1536
2025-01-31 12:49:40 [INFO] フレーム取得: OK
2025-01-31 12:49:40 [INFO] テクスチャサイズ: 2304x1536
2025-01-31 12:49:40 [INFO] テクスチャコピー時間: 20.7µs
2025-01-31 12:49:40 [INFO] テクスチャマッピング時間: 1.1044ms
2025-01-31 12:49:41 [INFO] BGRA->RGB変換時間: 105.6937ms
2025-01-31 12:49:41 [INFO] 全体の処理時間: 107.6336ms
2025-01-31 12:49:41 [INFO] フレーム処理時間: 107.7929ms
2025-01-31 12:49:41 [INFO] フレーム変換成功: 2304x1536
2025-01-31 12:49:41 [INFO] フレーム取得: OK
2025-01-31 12:49:41 [INFO] テクスチャサイズ: 2304x1536
2025-01-31 12:49:41 [INFO] テクスチャコピー時間: 24.1µs
2025-01-31 12:49:41 [INFO] テクスチャマッピング時間: 1.1345ms
2025-01-31 12:49:41 [INFO] BGRA->RGB変換時間: 165.0845ms
2025-01-31 12:49:41 [INFO] 全体の処理時間: 167.4075ms
2025-01-31 12:49:41 [INFO] フレーム処理時間: 167.6088ms
2025-01-31 12:49:41 [INFO] フレーム変換成功: 2304x1536
2025-01-31 12:49:41 [INFO] フレーム取得: OK
2025-01-31 12:49:41 [INFO] テクスチャサイズ: 2304x1536
2025-01-31 12:49:41 [INFO] テクスチャコピー時間: 26.1µs
2025-01-31 12:49:41 [INFO] テクスチャマッピング時間: 1.054ms
2025-01-31 12:49:41 [INFO] BGRA->RGB変換時間: 132.994ms
2025-01-31 12:49:41 [INFO] 全体の処理時間: 134.9386ms
2025-01-31 12:49:41 [INFO] フレーム処理時間: 135.1069ms
2025-01-31 12:49:41 [INFO] フレーム変換成功: 2304x1536
2025-01-31 12:49:41 [INFO] フレーム取得: OK
2025-01-31 12:49:41 [INFO] テクスチャサイズ: 2304x1536
2025-01-31 12:49:41 [INFO] テクスチャコピー時間: 73.5µs
2025-01-31 12:49:41 [INFO] テクスチャマッピング時間: 1.1422ms
2025-01-31 12:49:41 [INFO] BGRA->RGB変換時間: 137.3366ms
2025-01-31 12:49:41 [INFO] 全体の処理時間: 139.5003ms
2025-01-31 12:49:41 [INFO] フレーム処理時間: 139.6271ms
2025-01-31 12:49:41 [INFO] フレーム変換成功: 2304x1536
2025-01-31 12:49:41 [INFO] フレーム取得: OK
2025-01-31 12:49:41 [INFO] テクスチャサイズ: 2304x1536
2025-01-31 12:49:41 [INFO] テクスチャコピー時間: 19.9µs
2025-01-31 12:49:41 [INFO] テクスチャマッピング時間: 1.1012ms
2025-01-31 12:49:41 [INFO] BGRA->RGB変換時間: 101.7905ms
2025-01-31 12:49:41 [INFO] 全体の処理時間: 103.7365ms
2025-01-31 12:49:41 [INFO] フレーム処理時間: 103.9471ms
2025-01-31 12:49:41 [INFO] フレーム変換成功: 2304x1536
2025-01-31 12:49:41 [INFO] フレーム取得: OK
2025-01-31 12:49:41 [INFO] テクスチャサイズ: 2304x1536
2025-01-31 12:49:41 [INFO] テクスチャコピー時間: 28.6µs
2025-01-31 12:49:41 [INFO] テクスチャマッピング時間: 1.1226ms
2025-01-31 12:49:41 [INFO] BGRA->RGB変換時間: 94.3646ms
2025-01-31 12:49:41 [INFO] 全体の処理時間: 96.3975ms
2025-01-31 12:49:41 [INFO] フレーム処理時間: 96.5938ms
2025-01-31 12:49:41 [INFO] フレーム変換成功: 2304x1536
2025-01-31 12:49:41 [INFO] フレーム取得: OK
2025-01-31 12:49:41 [INFO] テクスチャサイズ: 2304x1536
2025-01-31 12:49:41 [INFO] テクスチャコピー時間: 27.1µs
2025-01-31 12:49:41 [INFO] テクスチャマッピング時間: 1.12ms
2025-01-31 12:49:41 [INFO] BGRA->RGB変換時間: 122.6414ms
2025-01-31 12:49:41 [INFO] 全体の処理時間: 124.7424ms
2025-01-31 12:49:41 [INFO] フレーム処理時間: 124.9416ms
2025-01-31 12:49:41 [INFO] フレーム変換成功: 2304x1536
2025-01-31 12:49:41 [INFO] フレーム取得: OK
2025-01-31 12:49:41 [INFO] テクスチャサイズ: 2304x1536
2025-01-31 12:49:41 [INFO] テクスチャコピー時間: 50.3µs
2025-01-31 12:49:41 [INFO] テクスチャマッピング時間: 1.1077ms
2025-01-31 12:49:42 [INFO] BGRA->RGB変換時間: 128.6918ms
2025-01-31 12:49:42 [INFO] 全体の処理時間: 131.4539ms
2025-01-31 12:49:42 [INFO] フレーム処理時間: 131.6372ms
2025-01-31 12:49:42 [INFO] フレーム変換成功: 2304x1536
2025-01-31 12:49:42 [INFO] フレーム取得: OK
2025-01-31 12:49:42 [INFO] テクスチャサイズ: 2304x1536
2025-01-31 12:49:42 [INFO] テクスチャコピー時間: 9.1µs
2025-01-31 12:49:42 [INFO] テクスチャマッピング時間: 972.4µs
2025-01-31 12:49:42 [INFO] BGRA->RGB変換時間: 99.0561ms
2025-01-31 12:49:42 [INFO] 全体の処理時間: 101.3197ms
2025-01-31 12:49:42 [INFO] フレーム処理時間: 101.606ms
2025-01-31 12:49:42 [INFO] フレーム変換成功: 2304x1536
2025-01-31 12:49:42 [INFO] フレーム取得: OK
2025-01-31 12:49:42 [INFO] テクスチャサイズ: 2304x1536
2025-01-31 12:49:42 [INFO] テクスチャコピー時間: 14.8µs
2025-01-31 12:49:42 [INFO] テクスチャマッピング時間: 2.0345ms
2025-01-31 12:49:42 [INFO] BGRA->RGB変換時間: 96.1452ms
2025-01-31 12:49:42 [INFO] 全体の処理時間: 98.8635ms
2025-01-31 12:49:42 [INFO] フレーム処理時間: 99.0282ms
2025-01-31 12:49:42 [INFO] フレーム変換成功: 2304x1536
2025-01-31 12:49:42 [INFO] フレーム取得: OK
2025-01-31 12:49:42 [INFO] テクスチャサイズ: 2304x1536
2025-01-31 12:49:42 [INFO] テクスチャコピー時間: 12.3µs
2025-01-31 12:49:42 [INFO] テクスチャマッピング時間: 1.1217ms
2025-01-31 12:49:42 [INFO] BGRA->RGB変換時間: 99.2337ms
2025-01-31 12:49:42 [INFO] 全体の処理時間: 101.1315ms
2025-01-31 12:49:42 [INFO] フレーム処理時間: 101.2864ms
2025-01-31 12:49:42 [INFO] フレーム変換成功: 2304x1536
2025-01-31 12:49:42 [INFO] フレーム取得: OK
2025-01-31 12:49:42 [INFO] テクスチャサイズ: 2304x1536
2025-01-31 12:49:42 [INFO] テクスチャコピー時間: 17.3µs
2025-01-31 12:49:42 [INFO] テクスチャマッピング時間: 1.1565ms
2025-01-31 12:49:42 [INFO] BGRA->RGB変換時間: 142.2161ms
2025-01-31 12:49:42 [INFO] 全体の処理時間: 144.3535ms
2025-01-31 12:49:42 [INFO] フレーム処理時間: 144.5335ms
2025-01-31 12:49:42 [INFO] フレーム変換成功: 2304x1536
2025-01-31 12:49:42 [INFO] フレーム取得: OK
2025-01-31 12:49:42 [INFO] テクスチャサイズ: 2304x1536
2025-01-31 12:49:42 [INFO] テクスチャコピー時間: 12.4µs
2025-01-31 12:49:42 [INFO] テクスチャマッピング時間: 1.0985ms
2025-01-31 12:49:42 [INFO] BGRA->RGB変換時間: 136.5242ms
2025-01-31 12:49:42 [INFO] 全体の処理時間: 138.4288ms
2025-01-31 12:49:42 [INFO] フレーム処理時間: 138.5807ms
2025-01-31 12:49:42 [INFO] フレーム変換成功: 2304x1536
2025-01-31 12:49:42 [INFO] フレーム取得: OK
2025-01-31 12:49:42 [INFO] テクスチャサイズ: 2304x1536
2025-01-31 12:49:42 [INFO] テクスチャコピー時間: 19.7µs
2025-01-31 12:49:42 [INFO] テクスチャマッピング時間: 1.1306ms
2025-01-31 12:49:42 [INFO] BGRA->RGB変換時間: 117.8813ms
2025-01-31 12:49:42 [INFO] 全体の処理時間: 119.9762ms
2025-01-31 12:49:42 [INFO] フレーム処理時間: 120.1905ms
2025-01-31 12:49:42 [INFO] フレーム変換成功: 2304x1536
2025-01-31 12:49:42 [INFO] フレーム取得: OK
2025-01-31 12:49:42 [INFO] テクスチャサイズ: 2304x1536
2025-01-31 12:49:42 [INFO] テクスチャコピー時間: 20.9µs
2025-01-31 12:49:42 [INFO] テクスチャマッピング時間: 1.1779ms
2025-01-31 12:49:42 [INFO] BGRA->RGB変換時間: 136.5147ms
2025-01-31 12:49:42 [INFO] 全体の処理時間: 138.6444ms
2025-01-31 12:49:42 [INFO] フレーム処理時間: 138.8485ms
2025-01-31 12:49:42 [INFO] フレーム変換成功: 2304x1536
2025-01-31 12:49:42 [INFO] フレーム取得: OK
2025-01-31 12:49:42 [INFO] テクスチャサイズ: 2304x1536
2025-01-31 12:49:42 [INFO] テクスチャコピー時間: 23.7µs
2025-01-31 12:49:42 [INFO] テクスチャマッピング時間: 1.1505ms
2025-01-31 12:49:43 [INFO] BGRA->RGB変換時間: 102.334ms
2025-01-31 12:49:43 [INFO] 全体の処理時間: 104.4831ms
2025-01-31 12:49:43 [INFO] フレーム処理時間: 104.7007ms
2025-01-31 12:49:43 [INFO] フレーム変換成功: 2304x1536
2025-01-31 12:49:43 [INFO] フレーム取得: OK
2025-01-31 12:49:43 [INFO] テクスチャサイズ: 2304x1536
2025-01-31 12:49:43 [INFO] テクスチャコピー時間: 14.9µs
2025-01-31 12:49:43 [INFO] テクスチャマッピング時間: 1.1142ms
2025-01-31 12:49:43 [INFO] BGRA->RGB変換時間: 93.8578ms
2025-01-31 12:49:43 [INFO] 全体の処理時間: 95.7924ms
2025-01-31 12:49:43 [INFO] フレーム処理時間: 95.9021ms
2025-01-31 12:49:43 [INFO] フレーム変換成功: 2304x1536
2025-01-31 12:49:43 [INFO] フレーム取得: OK
2025-01-31 12:49:43 [INFO] テクスチャサイズ: 2304x1536
2025-01-31 12:49:43 [INFO] テクスチャコピー時間: 25µs
2025-01-31 12:49:43 [INFO] テクスチャマッピング時間: 1.103ms
2025-01-31 12:49:43 [INFO] BGRA->RGB変換時間: 102.9527ms
2025-01-31 12:49:43 [INFO] 全体の処理時間: 104.9489ms
2025-01-31 12:49:43 [INFO] フレーム処理時間: 105.1803ms
2025-01-31 12:49:43 [INFO] フレーム変換成功: 2304x1536
2025-01-31 12:49:43 [INFO] フレーム取得: OK
2025-01-31 12:49:43 [INFO] テクスチャサイズ: 2304x1536
2025-01-31 12:49:43 [INFO] テクスチャコピー時間: 11.3µs
2025-01-31 12:49:43 [INFO] テクスチャマッピング時間: 894.4µs
2025-01-31 12:49:43 [INFO] BGRA->RGB変換時間: 132.5465ms
2025-01-31 12:49:43 [INFO] 全体の処理時間: 134.2608ms
2025-01-31 12:49:43 [INFO] フレーム処理時間: 134.4531ms
2025-01-31 12:49:43 [INFO] フレーム変換成功: 2304x1536
2025-01-31 12:49:43 [INFO] フレーム取得: OK
2025-01-31 12:49:43 [INFO] テクスチャサイズ: 2304x1536
2025-01-31 12:49:43 [INFO] テクスチャコピー時間: 12.8µs
2025-01-31 12:49:43 [INFO] テクスチャマッピング時間: 1.1065ms
2025-01-31 12:49:43 [INFO] BGRA->RGB変換時間: 108.0439ms
2025-01-31 12:49:43 [INFO] 全体の処理時間: 110.2107ms
2025-01-31 12:49:43 [INFO] フレーム処理時間: 110.4723ms
2025-01-31 12:49:43 [INFO] フレーム変換成功: 2304x1536
2025-01-31 12:49:43 [INFO] フレーム取得: OK
2025-01-31 12:49:43 [INFO] テクスチャサイズ: 2304x1536
2025-01-31 12:49:43 [INFO] テクスチャコピー時間: 21.9µs
2025-01-31 12:49:43 [INFO] テクスチャマッピング時間: 1.1295ms
2025-01-31 12:56:20 [INFO] フレーム取得: OK
2025-01-31 12:56:20 [INFO] 新しいステージングテクスチャを作成
2025-01-31 12:56:20 [INFO] テクスチャサイズ: 2304x1536
2025-01-31 12:56:20 [INFO] テクスチャコピー時間: 150.8µs
2025-01-31 12:56:20 [INFO] テクスチャマッピング時間: 9.1032ms
2025-01-31 12:56:20 [INFO] 全体の処理時間: 16.8487ms
2025-01-31 12:56:20 [INFO] フレーム処理時間: 17.2138ms
2025-01-31 12:56:20 [INFO] フレーム変換成功: 2304x1536
2025-01-31 12:56:20 [INFO] フレーム取得: OK
2025-01-31 12:56:20 [INFO] テクスチャサイズ: 2304x1536
2025-01-31 12:56:20 [INFO] テクスチャコピー時間: 38.2µs
2025-01-31 12:56:20 [INFO] テクスチャマッピング時間: 1.3123ms
2025-01-31 12:56:20 [INFO] 全体の処理時間: 7.0223ms
2025-01-31 12:56:20 [INFO] フレーム処理時間: 7.4431ms
2025-01-31 12:56:20 [INFO] フレーム変換成功: 2304x1536
2025-01-31 12:56:20 [INFO] フレーム取得: OK
2025-01-31 12:56:20 [INFO] テクスチャサイズ: 2304x1536
2025-01-31 12:56:20 [INFO] テクスチャコピー時間: 19.8µs
2025-01-31 12:56:20 [INFO] テクスチャマッピング時間: 1.089ms
2025-01-31 12:56:20 [INFO] 全体の処理時間: 4.3933ms
2025-01-31 12:56:20 [INFO] フレーム処理時間: 4.5671ms
2025-01-31 12:56:20 [INFO] フレーム変換成功: 2304x1536
2025-01-31 12:56:20 [INFO] フレーム取得: OK
2025-01-31 12:56:20 [INFO] テクスチャサイズ: 2304x1536
2025-01-31 12:56:20 [INFO] テクスチャコピー時間: 23µs
2025-01-31 12:56:20 [INFO] テクスチャマッピング時間: 1.1482ms
2025-01-31 12:56:20 [INFO] 全体の処理時間: 5.7869ms
2025-01-31 12:56:20 [INFO] フレーム処理時間: 5.9948ms
2025-01-31 12:56:20 [INFO] フレーム変換成功: 2304x1536
2025-01-31 12:56:21 [INFO] フレーム取得: OK
2025-01-31 12:56:21 [INFO] テクスチャサイズ: 2304x1536
2025-01-31 12:56:21 [INFO] テクスチャコピー時間: 17.2µs
2025-01-31 12:56:21 [INFO] テクスチャマッピング時間: 1.2216ms
2025-01-31 12:56:21 [INFO] 全体の処理時間: 4.8585ms
2025-01-31 12:56:21 [INFO] フレーム処理時間: 5.1369ms
2025-01-31 12:56:21 [INFO] フレーム変換成功: 2304x1536
2025-01-31 12:56:21 [INFO] フレーム取得: OK
2025-01-31 12:56:21 [INFO] テクスチャサイズ: 2304x1536
2025-01-31 12:56:21 [INFO] テクスチャコピー時間: 21.3µs
2025-01-31 12:56:21 [INFO] テクスチャマッピング時間: 1.1124ms
2025-01-31 12:56:21 [INFO] 全体の処理時間: 7.0063ms
2025-01-31 12:56:21 [INFO] フレーム処理時間: 8.199ms
2025-01-31 12:56:21 [INFO] フレーム変換成功: 2304x1536
2025-01-31 12:56:21 [INFO] フレーム取得: OK
2025-01-31 12:56:21 [INFO] テクスチャサイズ: 2304x1536
2025-01-31 12:56:21 [INFO] テクスチャコピー時間: 20.4µs
2025-01-31 12:56:21 [INFO] テクスチャマッピング時間: 1.1213ms
2025-01-31 12:56:21 [INFO] 全体の処理時間: 4.3887ms
2025-01-31 12:56:21 [INFO] フレーム処理時間: 5.1284ms
2025-01-31 12:56:21 [INFO] フレーム変換成功: 2304x1536
2025-01-31 12:56:21 [INFO] フレーム取得: OK
2025-01-31 12:56:21 [INFO] テクスチャサイズ: 2304x1536
2025-01-31 12:56:21 [INFO] テクスチャコピー時間: 24.8µs
2025-01-31 12:56:21 [INFO] テクスチャマッピング時間: 1.0893ms
2025-01-31 12:56:21 [INFO] 全体の処理時間: 5.2036ms
2025-01-31 12:56:21 [INFO] フレーム処理時間: 5.4544ms
2025-01-31 12:56:21 [INFO] フレーム変換成功: 2304x1536
2025-01-31 12:56:21 [INFO] フレーム取得: OK
2025-01-31 12:56:21 [INFO] テクスチャサイズ: 2304x1536
2025-01-31 12:56:21 [INFO] テクスチャコピー時間: 23.1µs
2025-01-31 12:56:21 [INFO] テクスチャマッピング時間: 1.1665ms
2025-01-31 12:56:21 [INFO] 全体の処理時間: 4.9755ms
2025-01-31 12:56:21 [INFO] フレーム処理時間: 6.4342ms
2025-01-31 12:56:21 [INFO] フレーム変換成功: 2304x1536
2025-01-31 12:56:21 [INFO] フレーム取得: OK
2025-01-31 12:56:21 [INFO] テクスチャサイズ: 2304x1536
2025-01-31 12:56:21 [INFO] テクスチャコピー時間: 22µs
2025-01-31 12:56:21 [INFO] テクスチャマッピング時間: 1.1541ms
2025-01-31 12:56:21 [INFO] 全体の処理時間: 6.377ms
2025-01-31 12:56:21 [INFO] フレーム処理時間: 6.7628ms
2025-01-31 12:56:21 [INFO] フレーム変換成功: 2304x1536
2025-01-31 12:56:21 [INFO] フレーム取得: OK
2025-01-31 12:56:21 [INFO] テクスチャサイズ: 2304x1536
2025-01-31 12:56:21 [INFO] テクスチャコピー時間: 21.8µs
2025-01-31 12:56:21 [INFO] テクスチャマッピング時間: 1.1403ms
2025-01-31 12:56:21 [INFO] 全体の処理時間: 6.1862ms
2025-01-31 12:56:21 [INFO] フレーム処理時間: 6.5581ms
2025-01-31 12:56:21 [INFO] フレーム変換成功: 2304x1536
2025-01-31 12:56:21 [INFO] フレーム取得: OK
2025-01-31 12:56:21 [INFO] テクスチャサイズ: 2304x1536
2025-01-31 12:56:21 [INFO] テクスチャコピー時間: 18.2µs
2025-01-31 12:56:21 [INFO] テクスチャマッピング時間: 1.1262ms
2025-01-31 12:56:21 [INFO] 全体の処理時間: 4.6282ms
2025-01-31 12:56:21 [INFO] フレーム処理時間: 5.0124ms
2025-01-31 12:56:21 [INFO] フレーム変換成功: 2304x1536
2025-01-31 12:56:21 [INFO] フレーム取得: OK
2025-01-31 12:56:21 [INFO] テクスチャサイズ: 2304x1536
2025-01-31 12:56:21 [INFO] テクスチャコピー時間: 18.6µs
2025-01-31 12:56:21 [INFO] テクスチャマッピング時間: 1.1744ms
2025-01-31 12:56:21 [INFO] 全体の処理時間: 4.6903ms
2025-01-31 12:56:21 [INFO] フレーム処理時間: 4.9762ms
2025-01-31 12:56:21 [INFO] フレーム変換成功: 2304x1536
2025-01-31 12:56:21 [INFO] フレーム取得: OK
2025-01-31 12:56:21 [INFO] テクスチャサイズ: 2304x1536
2025-01-31 12:56:21 [INFO] テクスチャコピー時間: 24.2µs
2025-01-31 12:56:21 [INFO] テクスチャマッピング時間: 1.0982ms
2025-01-31 12:56:21 [INFO] 全体の処理時間: 4.6302ms
2025-01-31 12:56:21 [INFO] フレーム処理時間: 5.3686ms
2025-01-31 12:56:21 [INFO] フレーム変換成功: 2304x1536
2025-01-31 12:56:21 [INFO] フレーム取得: OK
2025-01-31 12:56:21 [INFO] テクスチャサイズ: 2304x1536
2025-01-31 12:56:21 [INFO] テクスチャコピー時間: 15.7µs
2025-01-31 12:56:21 [INFO] テクスチャマッピング時間: 1.108ms
2025-01-31 12:56:21 [INFO] 全体の処理時間: 6.7297ms
2025-01-31 12:56:21 [INFO] フレーム処理時間: 6.9731ms
2025-01-31 12:56:21 [INFO] フレーム変換成功: 2304x1536
2025-01-31 12:56:21 [INFO] フレーム取得: OK
2025-01-31 12:56:21 [INFO] テクスチャサイズ: 2304x1536
2025-01-31 12:56:21 [INFO] テクスチャコピー時間: 20.6µs
2025-01-31 12:56:21 [INFO] テクスチャマッピング時間: 1.2324ms
2025-01-31 12:56:21 [INFO] 全体の処理時間: 5.8325ms
2025-01-31 12:56:21 [INFO] フレーム処理時間: 6.0612ms
2025-01-31 12:56:21 [INFO] フレーム変換成功: 2304x1536
2025-01-31 12:56:21 [INFO] フレーム取得: OK
2025-01-31 12:56:21 [INFO] テクスチャサイズ: 2304x1536
2025-01-31 12:56:21 [INFO] テクスチャコピー時間: 22.2µs
2025-01-31 12:56:21 [INFO] テクスチャマッピング時間: 1.135ms
2025-01-31 12:56:21 [INFO] 全体の処理時間: 7.9593ms
2025-01-31 12:56:21 [INFO] フレーム処理時間: 8.8432ms
2025-01-31 12:56:21 [INFO] フレーム変換成功: 2304x1536
2025-01-31 12:56:21 [INFO] フレーム取得: OK
2025-01-31 12:56:21 [INFO] テクスチャサイズ: 2304x1536
2025-01-31 12:56:21 [INFO] テクスチャコピー時間: 15.1µs
2025-01-31 12:56:21 [INFO] テクスチャマッピング時間: 1.1516ms
2025-01-31 12:56:21 [INFO] 全体の処理時間: 9.1055ms
2025-01-31 12:56:21 [INFO] フレーム処理時間: 11.0732ms
2025-01-31 12:56:21 [INFO] フレーム変換成功: 2304x1536
2025-01-31 12:56:21 [INFO] フレーム取得: OK
2025-01-31 12:56:21 [INFO] テクスチャサイズ: 2304x1536
2025-01-31 12:56:21 [INFO] テクスチャコピー時間: 28µs
2025-01-31 12:56:21 [INFO] テクスチャマッピング時間: 1.125ms
2025-01-31 12:56:21 [INFO] 全体の処理時間: 6.1886ms
2025-01-31 12:56:21 [INFO] フレーム処理時間: 6.9016ms
2025-01-31 12:56:21 [INFO] フレーム変換成功: 2304x1536
2025-01-31 12:56:21 [INFO] フレーム取得: OK
2025-01-31 12:56:21 [INFO] テクスチャサイズ: 2304x1536
2025-01-31 12:56:21 [INFO] テクスチャコピー時間: 8.9µs
2025-01-31 12:56:21 [INFO] テクスチャマッピング時間: 853.4µs
2025-01-31 12:56:21 [INFO] 全体の処理時間: 4.133ms
2025-01-31 12:56:21 [INFO] フレーム処理時間: 4.3853ms
2025-01-31 12:56:21 [INFO] フレーム変換成功: 2304x1536
2025-01-31 12:56:21 [INFO] フレーム取得: OK
2025-01-31 12:56:21 [INFO] テクスチャサイズ: 2304x1536
2025-01-31 12:56:21 [INFO] テクスチャコピー時間: 19.9µs
2025-01-31 12:56:21 [INFO] テクスチャマッピング時間: 1.117ms
2025-01-31 12:56:21 [INFO] 全体の処理時間: 4.6354ms
2025-01-31 12:56:21 [INFO] フレーム処理時間: 7.9501ms
2025-01-31 12:56:21 [INFO] フレーム変換成功: 2304x1536
2025-01-31 12:56:21 [INFO] フレーム取得: OK
2025-01-31 12:56:21 [INFO] テクスチャサイズ: 2304x1536
2025-01-31 12:56:21 [INFO] テクスチャコピー時間: 25µs
2025-01-31 12:56:21 [INFO] テクスチャマッピング時間: 1.1264ms
2025-01-31 12:56:21 [INFO] 全体の処理時間: 6.0569ms
2025-01-31 12:56:21 [INFO] フレーム処理時間: 6.4955ms
2025-01-31 12:56:21 [INFO] フレーム変換成功: 2304x1536
2025-01-31 12:56:21 [INFO] フレーム取得: OK
2025-01-31 12:56:21 [INFO] テクスチャサイズ: 2304x1536
2025-01-31 12:56:21 [INFO] テクスチャコピー時間: 39.1µs
2025-01-31 12:56:21 [INFO] テクスチャマッピング時間: 1.1384ms
2025-01-31 12:56:21 [INFO] 全体の処理時間: 9.0341ms
2025-01-31 12:56:21 [INFO] フレーム処理時間: 9.2971ms
2025-01-31 12:56:21 [INFO] フレーム変換成功: 2304x1536
2025-01-31 12:56:21 [INFO] フレーム取得: OK
2025-01-31 12:56:21 [INFO] テクスチャサイズ: 2304x1536
2025-01-31 12:56:21 [INFO] テクスチャコピー時間: 18.1µs
2025-01-31 12:56:21 [INFO] テクスチャマッピング時間: 1.1312ms
2025-01-31 12:56:21 [INFO] 全体の処理時間: 6.3869ms
2025-01-31 12:56:21 [INFO] フレーム処理時間: 6.6904ms
2025-01-31 12:56:21 [INFO] フレーム変換成功: 2304x1536
2025-01-31 12:56:21 [INFO] フレーム取得: OK
2025-01-31 12:56:21 [INFO] テクスチャサイズ: 2304x1536
2025-01-31 12:56:21 [INFO] テクスチャコピー時間: 36.4µs
2025-01-31 12:56:21 [INFO] テクスチャマッピング時間: 1.1656ms
2025-01-31 12:56:21 [INFO] 全体の処理時間: 5.3211ms
2025-01-31 12:56:21 [INFO] フレーム処理時間: 6.5824ms
2025-01-31 12:56:21 [INFO] フレーム変換成功: 2304x1536
2025-01-31 12:56:21 [INFO] フレーム取得: OK
2025-01-31 12:56:21 [INFO] テクスチャサイズ: 2304x1536
2025-01-31 12:56:21 [INFO] テクスチャコピー時間: 36.8µs
2025-01-31 12:56:21 [INFO] テクスチャマッピング時間: 1.1007ms
2025-01-31 12:56:21 [INFO] 全体の処理時間: 10.2964ms
2025-01-31 12:56:21 [INFO] フレーム処理時間: 12.6886ms
2025-01-31 12:56:21 [INFO] フレーム変換成功: 2304x1536
2025-01-31 12:56:21 [INFO] フレーム取得: OK
2025-01-31 12:56:21 [INFO] テクスチャサイズ: 2304x1536
2025-01-31 12:56:21 [INFO] テクスチャコピー時間: 19.4µs
2025-01-31 12:56:21 [INFO] テクスチャマッピング時間: 1.0906ms
2025-01-31 12:56:21 [INFO] 全体の処理時間: 4.8238ms
2025-01-31 12:56:21 [INFO] フレーム処理時間: 4.9652ms
2025-01-31 12:56:21 [INFO] フレーム変換成功: 2304x1536
2025-01-31 12:56:21 [INFO] フレーム取得: OK
2025-01-31 12:56:21 [INFO] テクスチャサイズ: 2304x1536
2025-01-31 12:56:21 [INFO] テクスチャコピー時間: 14.7µs
2025-01-31 12:56:21 [INFO] テクスチャマッピング時間: 1.1326ms
2025-01-31 12:56:21 [INFO] 全体の処理時間: 7.1388ms
2025-01-31 12:56:21 [INFO] フレーム処理時間: 7.3833ms
2025-01-31 12:56:21 [INFO] フレーム変換成功: 2304x1536
2025-01-31 12:56:22 [INFO] フレーム取得: OK
2025-01-31 12:56:22 [INFO] テクスチャサイズ: 2304x1536
2025-01-31 12:56:22 [INFO] テクスチャコピー時間: 12.8µs
2025-01-31 12:56:22 [INFO] テクスチャマッピング時間: 1.1015ms
2025-01-31 12:56:22 [INFO] 全体の処理時間: 6.2401ms
2025-01-31 12:56:22 [INFO] フレーム処理時間: 6.4842ms
2025-01-31 12:56:22 [INFO] フレーム変換成功: 2304x1536
2025-01-31 12:56:22 [INFO] フレーム取得: OK
2025-01-31 12:56:22 [INFO] テクスチャサイズ: 2304x1536
2025-01-31 12:56:22 [INFO] テクスチャコピー時間: 16.5µs
2025-01-31 12:56:22 [INFO] テクスチャマッピング時間: 1.1535ms
2025-01-31 12:56:22 [INFO] 全体の処理時間: 5.4403ms
2025-01-31 12:56:22 [INFO] フレーム処理時間: 6.4057ms
2025-01-31 12:56:22 [INFO] フレーム変換成功: 2304x1536
2025-01-31 12:56:22 [INFO] フレーム取得: OK
2025-01-31 12:56:22 [INFO] テクスチャサイズ: 2304x1536
2025-01-31 12:56:22 [INFO] テクスチャコピー時間: 15.8µs
2025-01-31 12:56:22 [INFO] テクスチャマッピング時間: 1.1392ms
2025-01-31 12:56:22 [INFO] 全体の処理時間: 4.3241ms
2025-01-31 12:56:22 [INFO] フレーム処理時間: 7.3594ms
2025-01-31 12:56:22 [INFO] フレーム変換成功: 2304x1536
2025-01-31 12:56:22 [INFO] フレーム取得: OK
2025-01-31 12:56:22 [INFO] テクスチャサイズ: 2304x1536
2025-01-31 12:56:22 [INFO] テクスチャコピー時間: 21.7µs
2025-01-31 12:56:22 [INFO] テクスチャマッピング時間: 1.1095ms
2025-01-31 12:56:22 [INFO] 全体の処理時間: 4.7116ms
2025-01-31 12:56:22 [INFO] フレーム処理時間: 5.4017ms
2025-01-31 12:56:22 [INFO] フレーム変換成功: 2304x1536
2025-01-31 12:56:22 [INFO] フレーム取得: OK
2025-01-31 12:56:22 [INFO] テクスチャサイズ: 2304x1536
2025-01-31 12:56:22 [INFO] テクスチャコピー時間: 22.5µs
2025-01-31 12:56:22 [INFO] テクスチャマッピング時間: 1.1085ms
2025-01-31 12:56:22 [INFO] 全体の処理時間: 8.5713ms
2025-01-31 12:56:22 [INFO] フレーム処理時間: 9.0037ms
2025-01-31 12:56:22 [INFO] フレーム変換成功: 2304x1536
2025-01-31 12:56:22 [INFO] フレーム取得: OK
2025-01-31 12:56:22 [INFO] テクスチャサイズ: 2304x1536
2025-01-31 12:56:22 [INFO] テクスチャコピー時間: 15.6µs
2025-01-31 12:56:22 [INFO] テクスチャマッピング時間: 1.0915ms
2025-01-31 12:56:22 [INFO] 全体の処理時間: 8.5892ms
2025-01-31 12:56:22 [INFO] フレーム処理時間: 8.7848ms
2025-01-31 12:56:22 [INFO] フレーム変換成功: 2304x1536
2025-01-31 12:56:22 [INFO] フレーム取得: OK
2025-01-31 12:56:22 [INFO] テクスチャサイズ: 2304x1536
2025-01-31 12:56:22 [INFO] テクスチャコピー時間: 13.7µs
2025-01-31 12:56:22 [INFO] テクスチャマッピング時間: 1.1566ms
2025-01-31 12:56:22 [INFO] 全体の処理時間: 4.4659ms
2025-01-31 12:56:22 [INFO] フレーム処理時間: 5.3588ms
2025-01-31 12:56:22 [INFO] フレーム変換成功: 2304x1536
2025-01-31 12:56:22 [INFO] フレーム取得: OK
2025-01-31 12:56:22 [INFO] テクスチャサイズ: 2304x1536
2025-01-31 12:56:22 [INFO] テクスチャコピー時間: 11.5µs
2025-01-31 12:56:22 [INFO] テクスチャマッピング時間: 1.1064ms
2025-01-31 12:56:22 [INFO] 全体の処理時間: 6.6515ms
2025-01-31 12:56:22 [INFO] フレーム処理時間: 6.91ms
2025-01-31 12:56:22 [INFO] フレーム変換成功: 2304x1536
2025-01-31 12:56:22 [INFO] フレーム取得: OK
2025-01-31 12:56:22 [INFO] テクスチャサイズ: 2304x1536
2025-01-31 12:56:22 [INFO] テクスチャコピー時間: 25.5µs
2025-01-31 12:56:22 [INFO] テクスチャマッピング時間: 1.1449ms
2025-01-31 12:56:22 [INFO] 全体の処理時間: 5.2488ms
2025-01-31 12:56:22 [INFO] フレーム処理時間: 6.0088ms
2025-01-31 12:56:22 [INFO] フレーム変換成功: 2304x1536
2025-01-31 12:56:22 [INFO] フレーム取得: OK
2025-01-31 12:56:22 [INFO] テクスチャサイズ: 2304x1536
2025-01-31 12:56:22 [INFO] テクスチャコピー時間: 13.6µs
2025-01-31 12:56:22 [INFO] テクスチャマッピング時間: 1.0954ms
2025-01-31 12:56:22 [INFO] 全体の処理時間: 8.0264ms
2025-01-31 12:56:22 [INFO] フレーム処理時間: 8.384ms
2025-01-31 12:56:22 [INFO] フレーム変換成功: 2304x1536
2025-01-31 12:56:22 [INFO] フレーム取得: OK
2025-01-31 12:56:22 [INFO] テクスチャサイズ: 2304x1536
2025-01-31 12:56:22 [INFO] テクスチャコピー時間: 13.2µs
2025-01-31 12:56:22 [INFO] テクスチャマッピング時間: 1.1067ms
2025-01-31 12:56:22 [INFO] 全体の処理時間: 7.7557ms
2025-01-31 12:56:22 [INFO] フレーム処理時間: 7.9743ms
2025-01-31 12:56:22 [INFO] フレーム変換成功: 2304x1536
2025-01-31 12:56:22 [INFO] フレーム取得: OK
2025-01-31 12:56:22 [INFO] テクスチャサイズ: 2304x1536
2025-01-31 12:56:22 [INFO] テクスチャコピー時間: 12.7µs
2025-01-31 12:56:22 [INFO] テクスチャマッピング時間: 1.1575ms
2025-01-31 12:56:22 [INFO] 全体の処理時間: 4.8297ms
2025-01-31 12:56:22 [INFO] フレーム処理時間: 5.7518ms
2025-01-31 12:56:22 [INFO] フレーム変換成功: 2304x1536
2025-01-31 12:56:22 [INFO] フレーム取得: OK
2025-01-31 12:56:22 [INFO] テクスチャサイズ: 2304x1536
2025-01-31 12:56:22 [INFO] テクスチャコピー時間: 18.7µs
2025-01-31 12:56:22 [INFO] テクスチャマッピング時間: 1.1496ms
2025-01-31 12:56:22 [INFO] 全体の処理時間: 5.7412ms
2025-01-31 12:56:22 [INFO] フレーム処理時間: 6.0577ms
2025-01-31 12:56:22 [INFO] フレーム変換成功: 2304x1536
2025-01-31 12:56:22 [INFO] フレーム取得: OK
2025-01-31 12:56:22 [INFO] テクスチャサイズ: 2304x1536
2025-01-31 12:56:22 [INFO] テクスチャコピー時間: 16.6µs
2025-01-31 12:56:22 [INFO] テクスチャマッピング時間: 1.1192ms
2025-01-31 12:56:22 [INFO] 全体の処理時間: 6.5429ms
2025-01-31 12:56:22 [INFO] フレーム処理時間: 8.2225ms
2025-01-31 12:56:22 [INFO] フレーム変換成功: 2304x1536
2025-01-31 12:56:22 [INFO] フレーム取得: OK
2025-01-31 12:56:22 [INFO] テクスチャサイズ: 2304x1536
2025-01-31 12:56:22 [INFO] テクスチャコピー時間: 20.6µs
2025-01-31 12:56:22 [INFO] テクスチャマッピング時間: 1.1432ms
2025-01-31 12:56:22 [INFO] 全体の処理時間: 4.6194ms
2025-01-31 12:56:22 [INFO] フレーム処理時間: 5.1986ms
2025-01-31 12:56:22 [INFO] フレーム変換成功: 2304x1536
2025-01-31 12:56:22 [INFO] フレーム取得: OK
2025-01-31 12:56:22 [INFO] テクスチャサイズ: 2304x1536
2025-01-31 12:56:22 [INFO] テクスチャコピー時間: 33.5µs
2025-01-31 12:56:22 [INFO] テクスチャマッピング時間: 1.1258ms
2025-01-31 12:56:22 [INFO] 全体の処理時間: 5.7159ms
2025-01-31 12:56:22 [INFO] フレーム処理時間: 5.9979ms
2025-01-31 12:56:22 [INFO] フレーム変換成功: 2304x1536
2025-01-31 12:56:22 [INFO] フレーム取得: OK
2025-01-31 12:56:22 [INFO] テクスチャサイズ: 2304x1536
2025-01-31 12:56:22 [INFO] テクスチャコピー時間: 23.7µs
2025-01-31 12:56:22 [INFO] テクスチャマッピング時間: 1.1113ms
2025-01-31 12:56:22 [INFO] 全体の処理時間: 5.3292ms
2025-01-31 12:56:22 [INFO] フレーム処理時間: 6.0152ms
2025-01-31 12:56:22 [INFO] フレーム変換成功: 2304x1536
2025-01-31 12:56:22 [INFO] フレーム取得: OK
2025-01-31 12:56:22 [INFO] テクスチャサイズ: 2304x1536
2025-01-31 12:56:22 [INFO] テクスチャコピー時間: 17.2µs
2025-01-31 12:56:22 [INFO] テクスチャマッピング時間: 1.1238ms
2025-01-31 12:56:22 [INFO] 全体の処理時間: 9.8133ms
2025-01-31 12:56:22 [INFO] フレーム処理時間: 10.2261ms
2025-01-31 12:56:22 [INFO] フレーム変換成功: 2304x1536
2025-01-31 12:56:22 [INFO] フレーム取得: OK
2025-01-31 12:56:22 [INFO] テクスチャサイズ: 2304x1536
2025-01-31 12:56:22 [INFO] テクスチャコピー時間: 14.3µs
2025-01-31 12:56:22 [INFO] テクスチャマッピング時間: 1.1279ms
2025-01-31 12:56:22 [INFO] 全体の処理時間: 5.1645ms
2025-01-31 12:56:22 [INFO] フレーム処理時間: 5.7679ms
2025-01-31 12:56:22 [INFO] フレーム変換成功: 2304x1536
2025-01-31 12:56:22 [INFO] フレーム取得: OK
2025-01-31 12:56:22 [INFO] テクスチャサイズ: 2304x1536
2025-01-31 12:56:22 [INFO] テクスチャコピー時間: 9.3µs
2025-01-31 12:56:22 [INFO] テクスチャマッピング時間: 1.0871ms
2025-01-31 12:56:22 [INFO] 全体の処理時間: 4.4488ms
2025-01-31 12:56:22 [INFO] フレーム処理時間: 5.288ms
2025-01-31 12:56:22 [INFO] フレーム変換成功: 2304x1536
2025-01-31 12:56:22 [INFO] フレーム取得: OK
2025-01-31 12:56:22 [INFO] テクスチャサイズ: 2304x1536
2025-01-31 12:56:22 [INFO] テクスチャコピー時間: 30.2µs
2025-01-31 12:56:22 [INFO] テクスチャマッピング時間: 1.1555ms
2025-01-31 12:56:22 [INFO] 全体の処理時間: 8.9192ms
2025-01-31 12:56:22 [INFO] フレーム処理時間: 9.1708ms
2025-01-31 12:56:22 [INFO] フレーム変換成功: 2304x1536
2025-01-31 12:56:22 [INFO] フレーム取得: OK
2025-01-31 12:56:22 [INFO] テクスチャサイズ: 2304x1536
2025-01-31 12:56:22 [INFO] テクスチャコピー時間: 24.9µs
2025-01-31 12:56:22 [INFO] テクスチャマッピング時間: 1.1153ms
2025-01-31 12:56:22 [INFO] 全体の処理時間: 4.563ms
2025-01-31 12:56:22 [INFO] フレーム処理時間: 4.8824ms
2025-01-31 12:56:22 [INFO] フレーム変換成功: 2304x1536
2025-01-31 12:56:22 [INFO] フレーム取得: OK
2025-01-31 12:56:22 [INFO] テクスチャサイズ: 2304x1536
2025-01-31 12:56:22 [INFO] テクスチャコピー時間: 33µs
2025-01-31 12:56:22 [INFO] テクスチャマッピング時間: 1.1185ms
2025-01-31 12:56:22 [INFO] 全体の処理時間: 4.4769ms
2025-01-31 12:56:22 [INFO] フレーム処理時間: 4.7172ms
2025-01-31 12:56:22 [INFO] フレーム変換成功: 2304x1536
2025-01-31 12:56:22 [INFO] フレーム取得: OK
2025-01-31 12:56:22 [INFO] テクスチャサイズ: 2304x1536
2025-01-31 12:56:22 [INFO] テクスチャコピー時間: 28.8µs
2025-01-31 12:56:22 [INFO] テクスチャマッピング時間: 1.0975ms
2025-01-31 12:56:22 [INFO] 全体の処理時間: 4.5476ms
2025-01-31 12:56:22 [INFO] フレーム処理時間: 4.7464ms
2025-01-31 12:56:22 [INFO] フレーム変換成功: 2304x1536
2025-01-31 12:56:23 [INFO] フレーム取得: OK
2025-01-31 12:56:23 [INFO] テクスチャサイズ: 2304x1536
2025-01-31 12:56:23 [INFO] テクスチャコピー時間: 24.7µs
2025-01-31 12:56:23 [INFO] テクスチャマッピング時間: 1.1318ms
2025-01-31 12:56:23 [INFO] 全体の処理時間: 4.7136ms
2025-01-31 12:56:23 [INFO] フレーム処理時間: 4.9673ms
2025-01-31 12:56:23 [INFO] フレーム変換成功: 2304x1536
2025-01-31 12:56:23 [INFO] フレーム取得: OK
2025-01-31 12:56:23 [INFO] テクスチャサイズ: 2304x1536
2025-01-31 12:56:23 [INFO] テクスチャコピー時間: 30.7µs
2025-01-31 12:56:23 [INFO] テクスチャマッピング時間: 1.1271ms
2025-01-31 12:56:23 [INFO] 全体の処理時間: 4.871ms
2025-01-31 12:56:23 [INFO] フレーム処理時間: 5.1109ms
2025-01-31 12:56:23 [INFO] フレーム変換成功: 2304x1536
2025-01-31 12:56:23 [INFO] フレーム取得: OK
2025-01-31 12:56:23 [INFO] テクスチャサイズ: 2304x1536
2025-01-31 12:56:23 [INFO] テクスチャコピー時間: 21.5µs
2025-01-31 12:56:23 [INFO] テクスチャマッピング時間: 1.1188ms
2025-01-31 12:56:23 [INFO] 全体の処理時間: 4.47ms
2025-01-31 12:56:23 [INFO] フレーム処理時間: 4.7183ms
2025-01-31 12:56:23 [INFO] フレーム変換成功: 2304x1536
2025-01-31 12:56:23 [INFO] フレーム取得: OK
2025-01-31 12:56:23 [INFO] テクスチャサイズ: 2304x1536
2025-01-31 12:56:23 [INFO] テクスチャコピー時間: 24.4µs
2025-01-31 12:56:23 [INFO] テクスチャマッピング時間: 1.0905ms
2025-01-31 12:56:23 [INFO] 全体の処理時間: 4.6742ms
2025-01-31 12:56:23 [INFO] フレーム処理時間: 4.9852ms
2025-01-31 12:56:23 [INFO] フレーム変換成功: 2304x1536
2025-01-31 12:56:23 [INFO] フレーム取得: OK
2025-01-31 12:56:23 [INFO] テクスチャサイズ: 2304x1536
2025-01-31 12:56:23 [INFO] テクスチャコピー時間: 34.5µs
2025-01-31 12:56:23 [INFO] テクスチャマッピング時間: 1.1062ms
2025-01-31 12:56:23 [INFO] 全体の処理時間: 4.656ms
2025-01-31 12:56:23 [INFO] フレーム処理時間: 4.8885ms
2025-01-31 12:56:23 [INFO] フレーム変換成功: 2304x1536
2025-01-31 12:56:23 [INFO] フレーム取得: OK
2025-01-31 12:56:23 [INFO] テクスチャサイズ: 2304x1536
2025-01-31 12:56:23 [INFO] テクスチャコピー時間: 34.5µs
2025-01-31 12:56:23 [INFO] テクスチャマッピング時間: 1.1273ms
2025-01-31 12:56:23 [INFO] 全体の処理時間: 4.7228ms
2025-01-31 12:56:23 [INFO] フレーム処理時間: 4.9287ms
2025-01-31 12:56:23 [INFO] フレーム変換成功: 2304x1536
2025-01-31 12:56:23 [INFO] フレーム取得: OK
2025-01-31 12:56:23 [INFO] テクスチャサイズ: 2304x1536
2025-01-31 12:56:23 [INFO] テクスチャコピー時間: 24.5µs
2025-01-31 12:56:23 [INFO] テクスチャマッピング時間: 1.3268ms
2025-01-31 12:56:23 [INFO] 全体の処理時間: 4.9158ms
2025-01-31 12:56:23 [INFO] フレーム処理時間: 5.0704ms
2025-01-31 12:56:23 [INFO] フレーム変換成功: 2304x1536
2025-01-31 12:56:23 [INFO] フレーム取得: OK
2025-01-31 12:56:23 [INFO] テクスチャサイズ: 2304x1536
2025-01-31 12:56:23 [INFO] テクスチャコピー時間: 20.7µs
2025-01-31 12:56:23 [INFO] テクスチャマッピング時間: 1.1056ms
2025-01-31 12:56:23 [INFO] 全体の処理時間: 4.4347ms
2025-01-31 12:56:23 [INFO] フレーム処理時間: 4.6164ms
2025-01-31 12:56:23 [INFO] フレーム変換成功: 2304x1536
2025-01-31 12:56:23 [INFO] フレーム取得: OK
2025-01-31 12:56:23 [INFO] テクスチャサイズ: 2304x1536
2025-01-31 12:56:23 [INFO] テクスチャコピー時間: 20.3µs
2025-01-31 12:56:23 [INFO] テクスチャマッピング時間: 1.0825ms
2025-01-31 12:56:23 [INFO] 全体の処理時間: 5.0977ms
2025-01-31 12:56:23 [INFO] フレーム処理時間: 5.2747ms
2025-01-31 12:56:23 [INFO] フレーム変換成功: 2304x1536
2025-01-31 12:56:23 [INFO] フレーム取得: OK
2025-01-31 12:56:23 [INFO] テクスチャサイズ: 2304x1536
2025-01-31 12:56:23 [INFO] テクスチャコピー時間: 19.6µs
2025-01-31 12:56:23 [INFO] テクスチャマッピング時間: 1.101ms
2025-01-31 12:56:23 [INFO] 全体の処理時間: 12.2835ms
2025-01-31 12:56:23 [INFO] フレーム処理時間: 12.7222ms
2025-01-31 12:56:23 [INFO] フレーム変換成功: 2304x1536
2025-01-31 12:56:23 [INFO] フレーム取得: OK
2025-01-31 12:56:23 [INFO] テクスチャサイズ: 2304x1536
2025-01-31 12:56:23 [INFO] テクスチャコピー時間: 23.9µs
2025-01-31 12:56:23 [INFO] テクスチャマッピング時間: 1.0939ms
2025-01-31 12:56:23 [INFO] 全体の処理時間: 6.013ms
2025-01-31 12:56:23 [INFO] フレーム処理時間: 6.2889ms
2025-01-31 12:56:23 [INFO] フレーム変換成功: 2304x1536
2025-01-31 12:56:23 [INFO] フレーム取得: OK
2025-01-31 12:56:23 [INFO] テクスチャサイズ: 2304x1536
2025-01-31 12:56:23 [INFO] テクスチャコピー時間: 18.7µs
2025-01-31 12:56:23 [INFO] テクスチャマッピング時間: 1.1422ms
2025-01-31 12:56:23 [INFO] 全体の処理時間: 10.2203ms
2025-01-31 12:56:23 [INFO] フレーム処理時間: 10.4913ms
2025-01-31 12:56:23 [INFO] フレーム変換成功: 2304x1536
2025-01-31 12:56:23 [INFO] フレーム取得: OK
2025-01-31 12:56:23 [INFO] テクスチャサイズ: 2304x1536
2025-01-31 12:56:23 [INFO] テクスチャコピー時間: 18µs
2025-01-31 12:56:23 [INFO] テクスチャマッピング時間: 1.0945ms
2025-01-31 12:56:23 [INFO] 全体の処理時間: 7.7376ms
2025-01-31 12:56:23 [INFO] フレーム処理時間: 7.9021ms
2025-01-31 12:56:23 [INFO] フレーム変換成功: 2304x1536
2025-01-31 12:56:23 [INFO] フレーム取得: OK
2025-01-31 12:56:23 [INFO] テクスチャサイズ: 2304x1536
2025-01-31 12:56:23 [INFO] テクスチャコピー時間: 17.1µs
2025-01-31 12:56:23 [INFO] テクスチャマッピング時間: 1.2644ms
2025-01-31 12:56:23 [INFO] 全体の処理時間: 6.3469ms
2025-01-31 12:56:23 [INFO] フレーム処理時間: 6.7291ms
2025-01-31 12:56:23 [INFO] フレーム変換成功: 2304x1536
2025-01-31 12:56:23 [INFO] フレーム取得: OK
2025-01-31 12:56:23 [INFO] テクスチャサイズ: 2304x1536
2025-01-31 12:56:23 [INFO] テクスチャコピー時間: 17µs
2025-01-31 12:56:23 [INFO] テクスチャマッピング時間: 1.1416ms
2025-01-31 12:56:23 [INFO] 全体の処理時間: 4.9114ms
2025-01-31 12:56:23 [INFO] フレーム処理時間: 5.0437ms
2025-01-31 12:56:23 [INFO] フレーム変換成功: 2304x1536
2025-01-31 12:56:23 [INFO] フレーム取得: OK
2025-01-31 12:56:23 [INFO] テクスチャサイズ: 2304x1536
2025-01-31 12:56:23 [INFO] テクスチャコピー時間: 20.4µs
2025-01-31 12:56:23 [INFO] テクスチャマッピング時間: 1.1205ms
2025-01-31 12:56:23 [INFO] 全体の処理時間: 4.7509ms
2025-01-31 12:56:23 [INFO] フレーム処理時間: 5.1471ms
2025-01-31 12:56:23 [INFO] フレーム変換成功: 2304x1536
2025-01-31 12:56:23 [INFO] フレーム取得: OK
2025-01-31 12:56:23 [INFO] テクスチャサイズ: 2304x1536
2025-01-31 12:56:23 [INFO] テクスチャコピー時間: 11.4µs
2025-01-31 12:56:23 [INFO] テクスチャマッピング時間: 1.1212ms
2025-01-31 12:56:23 [INFO] 全体の処理時間: 5.7632ms
2025-01-31 12:56:23 [INFO] フレーム処理時間: 5.9532ms
2025-01-31 12:56:23 [INFO] フレーム変換成功: 2304x1536
2025-01-31 12:56:23 [INFO] フレーム取得: OK
2025-01-31 12:56:23 [INFO] テクスチャサイズ: 2304x1536
2025-01-31 12:56:23 [INFO] テクスチャコピー時間: 19.5µs
2025-01-31 12:56:23 [INFO] テクスチャマッピング時間: 1.1115ms
2025-01-31 12:56:23 [INFO] 全体の処理時間: 5.3489ms
2025-01-31 12:56:23 [INFO] フレーム処理時間: 5.5597ms
2025-01-31 12:56:23 [INFO] フレーム変換成功: 2304x1536
2025-01-31 12:56:23 [INFO] フレーム取得: OK
2025-01-31 12:56:23 [INFO] テクスチャサイズ: 2304x1536
2025-01-31 12:56:23 [INFO] テクスチャコピー時間: 10.8µs
2025-01-31 12:56:23 [INFO] テクスチャマッピング時間: 1.2145ms
2025-01-31 12:56:23 [INFO] 全体の処理時間: 5.3543ms
2025-01-31 12:56:23 [INFO] フレーム処理時間: 5.6491ms
2025-01-31 12:56:23 [INFO] フレーム変換成功: 2304x1536
2025-01-31 12:56:23 [INFO] フレーム取得: OK
2025-01-31 12:56:23 [INFO] テクスチャサイズ: 2304x1536
2025-01-31 12:56:23 [INFO] テクスチャコピー時間: 15.3µs
2025-01-31 12:56:23 [INFO] テクスチャマッピング時間: 1.3302ms
2025-01-31 12:56:23 [INFO] 全体の処理時間: 6.2953ms
2025-01-31 12:56:23 [INFO] フレーム処理時間: 6.5732ms
2025-01-31 12:56:23 [INFO] フレーム変換成功: 2304x1536
2025-01-31 12:56:23 [INFO] フレーム取得: OK
2025-01-31 12:56:23 [INFO] テクスチャサイズ: 2304x1536
2025-01-31 12:56:23 [INFO] テクスチャコピー時間: 16.9µs
2025-01-31 12:56:23 [INFO] テクスチャマッピング時間: 1.8647ms
2025-01-31 12:56:23 [INFO] 全体の処理時間: 9.7204ms
2025-01-31 12:56:23 [INFO] フレーム処理時間: 9.9426ms
2025-01-31 12:56:23 [INFO] フレーム変換成功: 2304x1536
2025-01-31 12:56:23 [INFO] フレーム取得: OK
2025-01-31 12:56:23 [INFO] テクスチャサイズ: 2304x1536
2025-01-31 12:56:23 [INFO] テクスチャコピー時間: 27.4µs
2025-01-31 12:56:23 [INFO] テクスチャマッピング時間: 1.0979ms
2025-01-31 12:56:23 [INFO] 全体の処理時間: 5.9781ms
2025-01-31 12:56:23 [INFO] フレーム処理時間: 6.2235ms
2025-01-31 12:56:23 [INFO] フレーム変換成功: 2304x1536
2025-01-31 12:56:23 [INFO] フレーム取得: OK
2025-01-31 12:56:23 [INFO] テクスチャサイズ: 2304x1536
2025-01-31 12:56:23 [INFO] テクスチャコピー時間: 13.8µs
2025-01-31 12:56:23 [INFO] テクスチャマッピング時間: 1.1281ms
2025-01-31 12:56:23 [INFO] 全体の処理時間: 4.2287ms
2025-01-31 12:56:23 [INFO] フレーム処理時間: 6.3604ms
2025-01-31 12:56:23 [INFO] フレーム変換成功: 2304x1536
2025-01-31 12:56:23 [INFO] フレーム取得: OK
2025-01-31 12:56:23 [INFO] テクスチャサイズ: 2304x1536
2025-01-31 12:56:23 [INFO] テクスチャコピー時間: 26.1µs
2025-01-31 12:56:23 [INFO] テクスチャマッピング時間: 2.7977ms
2025-01-31 12:56:23 [INFO] 全体の処理時間: 8.5404ms
2025-01-31 12:56:23 [INFO] フレーム処理時間: 8.7675ms
2025-01-31 12:56:23 [INFO] フレーム変換成功: 2304x1536
2025-01-31 12:56:24 [INFO] フレーム取得: OK
2025-01-31 12:56:24 [INFO] テクスチャサイズ: 2304x1536
2025-01-31 12:56:24 [INFO] テクスチャコピー時間: 24.4µs
2025-01-31 12:56:24 [INFO] テクスチャマッピング時間: 2.8587ms
2025-01-31 12:56:24 [INFO] 全体の処理時間: 7.3309ms
2025-01-31 12:56:24 [INFO] フレーム処理時間: 7.5398ms
2025-01-31 12:56:24 [INFO] フレーム変換成功: 2304x1536
2025-01-31 12:56:24 [INFO] フレーム取得: OK
2025-01-31 12:56:24 [INFO] テクスチャサイズ: 2304x1536
2025-01-31 12:56:24 [INFO] テクスチャコピー時間: 16.2µs
2025-01-31 12:56:24 [INFO] テクスチャマッピング時間: 1.9115ms
2025-01-31 12:56:24 [INFO] 全体の処理時間: 7.2918ms
2025-01-31 12:56:24 [INFO] フレーム処理時間: 7.7882ms
2025-01-31 12:56:24 [INFO] フレーム変換成功: 2304x1536
2025-01-31 12:56:24 [INFO] フレーム取得: OK
2025-01-31 12:56:24 [INFO] テクスチャサイズ: 2304x1536
2025-01-31 12:56:24 [INFO] テクスチャコピー時間: 18.6µs
2025-01-31 12:56:24 [INFO] テクスチャマッピング時間: 1.0806ms
2025-01-31 12:56:24 [INFO] 全体の処理時間: 5.0146ms
2025-01-31 12:56:24 [INFO] フレーム処理時間: 5.7701ms
2025-01-31 12:56:24 [INFO] フレーム変換成功: 2304x1536
2025-01-31 12:56:24 [INFO] フレーム取得: OK
2025-01-31 12:56:24 [INFO] テクスチャサイズ: 2304x1536
2025-01-31 12:56:24 [INFO] テクスチャコピー時間: 10.9µs
2025-01-31 12:56:24 [INFO] テクスチャマッピング時間: 1.0827ms
2025-01-31 12:56:24 [INFO] 全体の処理時間: 7.6228ms
2025-01-31 12:56:24 [INFO] フレーム処理時間: 7.9184ms
2025-01-31 12:56:24 [INFO] フレーム変換成功: 2304x1536
2025-01-31 12:56:24 [INFO] フレーム取得: OK
2025-01-31 12:56:24 [INFO] テクスチャサイズ: 2304x1536
2025-01-31 12:56:24 [INFO] テクスチャコピー時間: 19.6µs
2025-01-31 12:56:24 [INFO] テクスチャマッピング時間: 1.1025ms
2025-01-31 12:56:24 [INFO] 全体の処理時間: 7.315ms
2025-01-31 12:56:24 [INFO] フレーム処理時間: 7.606ms
2025-01-31 12:56:24 [INFO] フレーム変換成功: 2304x1536
2025-01-31 12:56:24 [INFO] フレーム取得: OK
2025-01-31 12:56:24 [INFO] テクスチャサイズ: 2304x1536
2025-01-31 12:56:24 [INFO] テクスチャコピー時間: 19.4µs
2025-01-31 12:56:24 [INFO] テクスチャマッピング時間: 1.1598ms
2025-01-31 12:56:24 [INFO] 全体の処理時間: 11.9313ms
2025-01-31 12:56:24 [INFO] フレーム処理時間: 14.1442ms
2025-01-31 12:56:24 [INFO] フレーム変換成功: 2304x1536
2025-01-31 12:56:24 [INFO] フレーム取得: OK
2025-01-31 12:56:24 [INFO] テクスチャサイズ: 2304x1536
2025-01-31 12:56:24 [INFO] テクスチャコピー時間: 43.9µs
2025-01-31 12:56:24 [INFO] テクスチャマッピング時間: 1.1195ms
2025-01-31 12:56:24 [INFO] 全体の処理時間: 5.5952ms
2025-01-31 12:56:24 [INFO] フレーム処理時間: 5.7574ms
2025-01-31 12:56:24 [INFO] フレーム変換成功: 2304x1536
2025-01-31 12:56:24 [INFO] フレーム取得: OK
2025-01-31 12:56:24 [INFO] テクスチャサイズ: 2304x1536
2025-01-31 12:56:24 [INFO] テクスチャコピー時間: 27.4µs
2025-01-31 12:56:24 [INFO] テクスチャマッピング時間: 1.0792ms
2025-01-31 12:56:24 [INFO] 全体の処理時間: 5.5239ms
2025-01-31 12:56:24 [INFO] フレーム処理時間: 5.6648ms
2025-01-31 12:56:24 [INFO] フレーム変換成功: 2304x1536
2025-01-31 12:56:24 [INFO] フレーム取得: OK
2025-01-31 12:56:24 [INFO] テクスチャサイズ: 2304x1536
2025-01-31 12:56:24 [INFO] テクスチャコピー時間: 16.9µs
2025-01-31 12:56:24 [INFO] テクスチャマッピング時間: 1.1056ms
2025-01-31 12:56:24 [INFO] 全体の処理時間: 4.5792ms
2025-01-31 12:56:24 [INFO] フレーム処理時間: 5.0558ms
2025-01-31 12:56:24 [INFO] フレーム変換成功: 2304x1536
2025-01-31 12:56:24 [INFO] フレーム取得: OK
2025-01-31 12:56:24 [INFO] テクスチャサイズ: 2304x1536
2025-01-31 12:56:24 [INFO] テクスチャコピー時間: 29.1µs
2025-01-31 12:56:24 [INFO] テクスチャマッピング時間: 1.1042ms
2025-01-31 12:56:24 [INFO] 全体の処理時間: 6.9507ms
2025-01-31 12:56:24 [INFO] フレーム処理時間: 7.2332ms
2025-01-31 12:56:24 [INFO] フレーム変換成功: 2304x1536
2025-01-31 12:56:24 [INFO] フレーム取得: OK
2025-01-31 12:56:24 [INFO] テクスチャサイズ: 2304x1536
2025-01-31 12:56:24 [INFO] テクスチャコピー時間: 19.8µs
2025-01-31 12:56:24 [INFO] テクスチャマッピング時間: 1.6227ms
2025-01-31 12:56:24 [INFO] 全体の処理時間: 7.9456ms
2025-01-31 12:56:24 [INFO] フレーム処理時間: 8.2291ms
2025-01-31 12:56:24 [INFO] フレーム変換成功: 2304x1536
2025-01-31 12:56:24 [INFO] フレーム取得: OK
2025-01-31 12:56:24 [INFO] テクスチャサイズ: 2304x1536
2025-01-31 12:56:24 [INFO] テクスチャコピー時間: 16.2µs
2025-01-31 12:56:24 [INFO] テクスチャマッピング時間: 1.1215ms
2025-01-31 12:56:24 [INFO] 全体の処理時間: 5.371ms
2025-01-31 12:56:24 [INFO] フレーム処理時間: 5.525ms
2025-01-31 12:56:24 [INFO] フレーム変換成功: 2304x1536
2025-01-31 12:56:24 [INFO] フレーム取得: OK
2025-01-31 12:56:24 [INFO] テクスチャサイズ: 2304x1536
2025-01-31 12:56:24 [INFO] テクスチャコピー時間: 12.2µs
2025-01-31 12:56:24 [INFO] テクスチャマッピング時間: 1.1115ms
2025-01-31 12:56:24 [INFO] 全体の処理時間: 5.4679ms
2025-01-31 12:56:24 [INFO] フレーム処理時間: 5.6565ms
2025-01-31 12:56:24 [INFO] フレーム変換成功: 2304x1536
2025-01-31 12:56:24 [INFO] フレーム取得: OK
2025-01-31 12:56:24 [INFO] テクスチャサイズ: 2304x1536
2025-01-31 12:56:24 [INFO] テクスチャコピー時間: 10.6µs
2025-01-31 12:56:24 [INFO] テクスチャマッピング時間: 1.1172ms
2025-01-31 12:56:24 [INFO] 全体の処理時間: 4.9518ms
2025-01-31 12:56:24 [INFO] フレーム処理時間: 5.6272ms
2025-01-31 12:56:24 [INFO] フレーム変換成功: 2304x1536
2025-01-31 12:56:24 [INFO] フレーム取得: OK
2025-01-31 12:56:24 [INFO] テクスチャサイズ: 2304x1536
2025-01-31 12:56:24 [INFO] テクスチャコピー時間: 21.7µs
2025-01-31 12:56:24 [INFO] テクスチャマッピング時間: 1.1175ms
2025-01-31 12:56:24 [INFO] 全体の処理時間: 6.0119ms
2025-01-31 12:56:24 [INFO] フレーム処理時間: 6.3593ms
2025-01-31 12:56:24 [INFO] フレーム変換成功: 2304x1536
2025-01-31 12:56:24 [INFO] フレーム取得: OK
2025-01-31 12:56:24 [INFO] テクスチャサイズ: 2304x1536
2025-01-31 12:56:24 [INFO] テクスチャコピー時間: 16.7µs
2025-01-31 12:56:24 [INFO] テクスチャマッピング時間: 1.1651ms
2025-01-31 12:56:24 [INFO] 全体の処理時間: 5.4873ms
2025-01-31 12:56:24 [INFO] フレーム処理時間: 5.7338ms
2025-01-31 12:56:24 [INFO] フレーム変換成功: 2304x1536
2025-01-31 12:56:24 [INFO] フレーム取得: OK
2025-01-31 12:56:24 [INFO] テクスチャサイズ: 2304x1536
2025-01-31 12:56:24 [INFO] テクスチャコピー時間: 9µs
2025-01-31 12:56:24 [INFO] テクスチャマッピング時間: 917.2µs
2025-01-31 12:56:24 [INFO] 全体の処理時間: 4.4603ms
2025-01-31 12:56:24 [INFO] フレーム処理時間: 5.1105ms
2025-01-31 12:56:24 [INFO] フレーム変換成功: 2304x1536
2025-01-31 12:56:24 [INFO] フレーム取得: OK
2025-01-31 12:56:24 [INFO] テクスチャサイズ: 2304x1536
2025-01-31 12:56:24 [INFO] テクスチャコピー時間: 9µs
2025-01-31 12:56:24 [INFO] テクスチャマッピング時間: 1.1152ms
2025-01-31 12:56:24 [INFO] 全体の処理時間: 4.4919ms
2025-01-31 12:56:24 [INFO] フレーム処理時間: 4.9438ms
2025-01-31 12:56:24 [INFO] フレーム変換成功: 2304x1536
2025-01-31 12:56:24 [INFO] フレーム取得: OK
2025-01-31 12:56:24 [INFO] テクスチャサイズ: 2304x1536
2025-01-31 12:56:24 [INFO] テクスチャコピー時間: 34.1µs
2025-01-31 12:56:24 [INFO] テクスチャマッピング時間: 2.4463ms
2025-01-31 12:56:24 [INFO] 全体の処理時間: 10.3279ms
2025-01-31 12:56:24 [INFO] フレーム処理時間: 11.0606ms
2025-01-31 12:56:24 [INFO] フレーム変換成功: 2304x1536
2025-01-31 12:56:24 [INFO] フレーム取得: OK
2025-01-31 12:56:24 [INFO] テクスチャサイズ: 2304x1536
2025-01-31 12:56:24 [INFO] テクスチャコピー時間: 18.9µs
2025-01-31 12:56:24 [INFO] テクスチャマッピング時間: 1.2334ms
2025-01-31 12:56:24 [INFO] 全体の処理時間: 6.0203ms
2025-01-31 12:56:24 [INFO] フレーム処理時間: 6.2025ms
2025-01-31 12:56:24 [INFO] フレーム変換成功: 2304x1536
2025-01-31 12:56:24 [INFO] フレーム取得: OK
2025-01-31 12:56:24 [INFO] テクスチャサイズ: 2304x1536
2025-01-31 12:56:24 [INFO] テクスチャコピー時間: 19.7µs
2025-01-31 12:56:24 [INFO] テクスチャマッピング時間: 1.1574ms
2025-01-31 12:56:24 [INFO] 全体の処理時間: 6.0875ms
2025-01-31 12:56:24 [INFO] フレーム処理時間: 6.223ms
2025-01-31 12:56:24 [INFO] フレーム変換成功: 2304x1536
2025-01-31 12:56:24 [INFO] フレーム取得: OK
2025-01-31 12:56:24 [INFO] テクスチャサイズ: 2304x1536
2025-01-31 12:56:24 [INFO] テクスチャコピー時間: 20.2µs
2025-01-31 12:56:24 [INFO] テクスチャマッピング時間: 1.1282ms
2025-01-31 12:56:24 [INFO] 全体の処理時間: 5.5031ms
2025-01-31 12:56:24 [INFO] フレーム処理時間: 5.7575ms
2025-01-31 12:56:24 [INFO] フレーム変換成功: 2304x1536
2025-01-31 12:56:24 [INFO] フレーム取得: OK
2025-01-31 12:56:24 [INFO] テクスチャサイズ: 2304x1536
2025-01-31 12:56:24 [INFO] テクスチャコピー時間: 13.2µs
2025-01-31 12:56:24 [INFO] テクスチャマッピング時間: 1.1173ms
2025-01-31 12:56:24 [INFO] 全体の処理時間: 9.4387ms
2025-01-31 12:56:24 [INFO] フレーム処理時間: 9.7188ms
2025-01-31 12:56:24 [INFO] フレーム変換成功: 2304x1536
2025-01-31 12:56:24 [INFO] フレーム取得: OK
2025-01-31 12:56:24 [INFO] テクスチャサイズ: 2304x1536
2025-01-31 12:56:24 [INFO] テクスチャコピー時間: 30.7µs
2025-01-31 12:56:24 [INFO] テクスチャマッピング時間: 1.1354ms
2025-01-31 12:56:24 [INFO] 全体の処理時間: 5.1976ms
2025-01-31 12:56:24 [INFO] フレーム処理時間: 5.6627ms
2025-01-31 12:56:24 [INFO] フレーム変換成功: 2304x1536
2025-01-31 12:56:25 [INFO] フレーム取得: OK
2025-01-31 12:56:25 [INFO] テクスチャサイズ: 2304x1536
2025-01-31 12:56:25 [INFO] テクスチャコピー時間: 29.5µs
2025-01-31 12:56:25 [INFO] テクスチャマッピング時間: 1.0959ms
2025-01-31 12:56:25 [INFO] 全体の処理時間: 4.6573ms
2025-01-31 12:56:25 [INFO] フレーム処理時間: 4.7816ms
2025-01-31 12:56:25 [INFO] フレーム変換成功: 2304x1536
2025-01-31 12:56:25 [INFO] フレーム取得: OK
2025-01-31 12:56:25 [INFO] テクスチャサイズ: 2304x1536
2025-01-31 12:56:25 [INFO] テクスチャコピー時間: 14.5µs
2025-01-31 12:56:25 [INFO] テクスチャマッピング時間: 1.1109ms
2025-01-31 12:56:25 [INFO] 全体の処理時間: 4.7869ms
2025-01-31 12:56:25 [INFO] フレーム処理時間: 4.999ms
2025-01-31 12:56:25 [INFO] フレーム変換成功: 2304x1536
2025-01-31 12:56:25 [INFO] フレーム取得: OK
2025-01-31 12:56:25 [INFO] テクスチャサイズ: 2304x1536
2025-01-31 12:56:25 [INFO] テクスチャコピー時間: 21.4µs
2025-01-31 12:56:25 [INFO] テクスチャマッピング時間: 1.1649ms
2025-01-31 12:56:25 [INFO] 全体の処理時間: 7.4679ms
2025-01-31 12:56:25 [INFO] フレーム処理時間: 7.8582ms
2025-01-31 12:56:25 [INFO] フレーム変換成功: 2304x1536
2025-01-31 12:56:25 [INFO] フレーム取得: OK
2025-01-31 12:56:25 [INFO] テクスチャサイズ: 2304x1536
2025-01-31 12:56:25 [INFO] テクスチャコピー時間: 15.4µs
2025-01-31 12:56:25 [INFO] テクスチャマッピング時間: 1.0867ms
2025-01-31 12:56:25 [INFO] 全体の処理時間: 4.3705ms
2025-01-31 12:56:25 [INFO] フレーム処理時間: 4.9543ms
2025-01-31 12:56:25 [INFO] フレーム変換成功: 2304x1536
2025-01-31 12:56:25 [INFO] フレーム取得: OK
2025-01-31 12:56:25 [INFO] テクスチャサイズ: 2304x1536
2025-01-31 12:56:25 [INFO] テクスチャコピー時間: 15.2µs
2025-01-31 12:56:25 [INFO] テクスチャマッピング時間: 1.1609ms
2025-01-31 12:56:25 [INFO] 全体の処理時間: 8.7737ms
2025-01-31 12:56:25 [INFO] フレーム処理時間: 9.0996ms
2025-01-31 12:56:25 [INFO] フレーム変換成功: 2304x1536
2025-01-31 12:56:25 [INFO] フレーム取得: OK
2025-01-31 12:56:25 [INFO] テクスチャサイズ: 2304x1536
2025-01-31 12:56:25 [INFO] テクスチャコピー時間: 14.2µs
2025-01-31 12:56:25 [INFO] テクスチャマッピング時間: 1.0987ms
2025-01-31 12:56:25 [INFO] 全体の処理時間: 4.5603ms
2025-01-31 12:56:25 [INFO] フレーム処理時間: 4.7634ms
2025-01-31 12:56:25 [INFO] フレーム変換成功: 2304x1536
2025-01-31 12:56:25 [INFO] フレーム取得: OK
2025-01-31 12:56:25 [INFO] テクスチャサイズ: 2304x1536
2025-01-31 12:56:25 [INFO] テクスチャコピー時間: 34µs
2025-01-31 12:56:25 [INFO] テクスチャマッピング時間: 1.1278ms
2025-01-31 12:56:25 [INFO] 全体の処理時間: 10.3905ms
2025-01-31 12:56:25 [INFO] フレーム処理時間: 10.6494ms
2025-01-31 12:56:25 [INFO] フレーム変換成功: 2304x1536
2025-01-31 12:56:25 [INFO] フレーム取得: OK
2025-01-31 12:56:25 [INFO] テクスチャサイズ: 2304x1536
2025-01-31 12:56:25 [INFO] テクスチャコピー時間: 21.4µs
2025-01-31 12:56:25 [INFO] テクスチャマッピング時間: 1.1626ms
2025-01-31 12:56:25 [INFO] 全体の処理時間: 7.0169ms
2025-01-31 12:56:25 [INFO] フレーム処理時間: 7.192ms
2025-01-31 12:56:25 [INFO] フレーム変換成功: 2304x1536
2025-01-31 12:56:25 [INFO] フレーム取得: OK
2025-01-31 12:56:25 [INFO] テクスチャサイズ: 2304x1536
2025-01-31 12:56:25 [INFO] テクスチャコピー時間: 37.9µs
2025-01-31 12:56:25 [INFO] テクスチャマッピング時間: 1.1457ms
2025-01-31 12:56:25 [INFO] 全体の処理時間: 10.1318ms
2025-01-31 12:56:25 [INFO] フレーム処理時間: 10.5224ms
2025-01-31 12:56:25 [INFO] フレーム変換成功: 2304x1536
2025-01-31 12:56:25 [INFO] フレーム取得: OK
2025-01-31 12:56:25 [INFO] テクスチャサイズ: 2304x1536
2025-01-31 12:56:25 [INFO] テクスチャコピー時間: 16.3µs
2025-01-31 12:56:25 [INFO] テクスチャマッピング時間: 1.185ms
2025-01-31 12:56:25 [INFO] 全体の処理時間: 6.8786ms
2025-01-31 12:56:25 [INFO] フレーム処理時間: 8.1338ms
2025-01-31 12:56:25 [INFO] フレーム変換成功: 2304x1536
2025-01-31 12:56:25 [INFO] フレーム取得: OK
2025-01-31 12:56:25 [INFO] テクスチャサイズ: 2304x1536
2025-01-31 12:56:25 [INFO] テクスチャコピー時間: 34.4µs
2025-01-31 12:56:25 [INFO] テクスチャマッピング時間: 1.1707ms
2025-01-31 12:56:25 [INFO] 全体の処理時間: 8.2011ms
2025-01-31 12:56:25 [INFO] フレーム処理時間: 8.4683ms
2025-01-31 12:56:25 [INFO] フレーム変換成功: 2304x1536
2025-01-31 12:56:25 [INFO] フレーム取得: OK
2025-01-31 12:56:25 [INFO] テクスチャサイズ: 2304x1536
2025-01-31 12:56:25 [INFO] テクスチャコピー時間: 17.5µs
2025-01-31 12:56:25 [INFO] テクスチャマッピング時間: 1.1107ms
2025-01-31 12:56:25 [INFO] 全体の処理時間: 7.8856ms
2025-01-31 12:56:25 [INFO] フレーム処理時間: 8.1416ms
2025-01-31 12:56:25 [INFO] フレーム変換成功: 2304x1536
2025-01-31 12:56:25 [INFO] フレーム取得: OK
2025-01-31 12:56:25 [INFO] テクスチャサイズ: 2304x1536
2025-01-31 12:56:25 [INFO] テクスチャコピー時間: 17.9µs
2025-01-31 12:56:25 [INFO] テクスチャマッピング時間: 1.113ms
2025-01-31 12:56:25 [INFO] 全体の処理時間: 7.3799ms
2025-01-31 12:56:25 [INFO] フレーム処理時間: 8.0163ms
2025-01-31 12:56:25 [INFO] フレーム変換成功: 2304x1536
2025-01-31 12:56:25 [INFO] フレーム取得: OK
2025-01-31 12:56:25 [INFO] テクスチャサイズ: 2304x1536
2025-01-31 12:56:25 [INFO] テクスチャコピー時間: 17.5µs
2025-01-31 12:56:25 [INFO] テクスチャマッピング時間: 1.1638ms
2025-01-31 12:56:25 [INFO] 全体の処理時間: 6.8939ms
2025-01-31 12:56:25 [INFO] フレーム処理時間: 7.9969ms
2025-01-31 12:56:25 [INFO] フレーム変換成功: 2304x1536
2025-01-31 12:56:25 [INFO] フレーム取得: OK
2025-01-31 12:56:25 [INFO] テクスチャサイズ: 2304x1536
2025-01-31 12:56:25 [INFO] テクスチャコピー時間: 17.3µs
2025-01-31 12:56:25 [INFO] テクスチャマッピング時間: 1.1613ms
2025-01-31 12:56:25 [INFO] 全体の処理時間: 7.4314ms
2025-01-31 12:56:25 [INFO] フレーム処理時間: 7.8477ms
2025-01-31 12:56:25 [INFO] フレーム変換成功: 2304x1536
2025-01-31 12:56:25 [INFO] フレーム取得: OK
2025-01-31 12:56:25 [INFO] テクスチャサイズ: 2304x1536
2025-01-31 12:56:25 [INFO] テクスチャコピー時間: 41.3µs
2025-01-31 12:56:25 [INFO] テクスチャマッピング時間: 1.1071ms
2025-01-31 12:56:25 [INFO] 全体の処理時間: 4.7629ms
2025-01-31 12:56:25 [INFO] フレーム処理時間: 5.4517ms
2025-01-31 12:56:25 [INFO] フレーム変換成功: 2304x1536
2025-01-31 12:56:25 [INFO] フレーム取得: OK
2025-01-31 12:56:25 [INFO] テクスチャサイズ: 2304x1536
2025-01-31 12:56:25 [INFO] テクスチャコピー時間: 17.3µs
2025-01-31 12:56:25 [INFO] テクスチャマッピング時間: 1.1293ms
2025-01-31 12:56:25 [INFO] 全体の処理時間: 8.7589ms
2025-01-31 12:56:25 [INFO] フレーム処理時間: 9.7266ms
2025-01-31 12:56:25 [INFO] フレーム変換成功: 2304x1536
2025-01-31 12:56:25 [INFO] フレーム取得: OK
2025-01-31 12:56:25 [INFO] テクスチャサイズ: 2304x1536
2025-01-31 12:56:25 [INFO] テクスチャコピー時間: 14.8µs
2025-01-31 12:56:25 [INFO] テクスチャマッピング時間: 1.1344ms
2025-01-31 12:56:25 [INFO] 全体の処理時間: 4.5826ms
2025-01-31 12:56:25 [INFO] フレーム処理時間: 5.6553ms
2025-01-31 12:56:25 [INFO] フレーム変換成功: 2304x1536
2025-01-31 12:56:25 [INFO] フレーム取得: OK
2025-01-31 12:56:25 [INFO] テクスチャサイズ: 2304x1536
2025-01-31 12:56:25 [INFO] テクスチャコピー時間: 21.4µs
2025-01-31 12:56:25 [INFO] テクスチャマッピング時間: 1.1286ms
2025-01-31 12:56:25 [INFO] 全体の処理時間: 4.6095ms
2025-01-31 12:56:25 [INFO] フレーム処理時間: 4.9327ms
2025-01-31 12:56:25 [INFO] フレーム変換成功: 2304x1536
2025-01-31 12:56:25 [INFO] フレーム取得: OK
2025-01-31 12:56:25 [INFO] テクスチャサイズ: 2304x1536
2025-01-31 12:56:25 [INFO] テクスチャコピー時間: 23.4µs
2025-01-31 12:56:25 [INFO] テクスチャマッピング時間: 900.9µs
2025-01-31 12:56:25 [INFO] 全体の処理時間: 6.09ms
2025-01-31 12:56:25 [INFO] フレーム処理時間: 6.2865ms
2025-01-31 12:56:25 [INFO] フレーム変換成功: 2304x1536
2025-01-31 12:56:25 [INFO] フレーム取得: OK
2025-01-31 12:56:25 [INFO] テクスチャサイズ: 2304x1536
2025-01-31 12:56:25 [INFO] テクスチャコピー時間: 25.7µs
2025-01-31 12:56:25 [INFO] テクスチャマッピング時間: 1.1415ms
2025-01-31 12:56:25 [INFO] 全体の処理時間: 8.6355ms
2025-01-31 12:56:25 [INFO] フレーム処理時間: 9.2698ms
2025-01-31 12:56:25 [INFO] フレーム変換成功: 2304x1536
2025-01-31 12:56:25 [INFO] フレーム取得: OK
2025-01-31 12:56:25 [INFO] テクスチャサイズ: 2304x1536
2025-01-31 12:56:25 [INFO] テクスチャコピー時間: 20.9µs
2025-01-31 12:56:25 [INFO] テクスチャマッピング時間: 1.0883ms
2025-01-31 12:56:25 [INFO] 全体の処理時間: 4.5541ms
2025-01-31 12:56:25 [INFO] フレーム処理時間: 5.0219ms
2025-01-31 12:56:25 [INFO] フレーム変換成功: 2304x1536
2025-01-31 12:56:25 [INFO] フレーム取得: OK
2025-01-31 12:56:25 [INFO] テクスチャサイズ: 2304x1536
2025-01-31 12:56:25 [INFO] テクスチャコピー時間: 17.8µs
2025-01-31 12:56:25 [INFO] テクスチャマッピング時間: 1.1106ms
2025-01-31 12:56:25 [INFO] 全体の処理時間: 4.5515ms
2025-01-31 12:56:25 [INFO] フレーム処理時間: 5.6017ms
2025-01-31 12:56:25 [INFO] フレーム変換成功: 2304x1536
2025-01-31 12:56:25 [INFO] フレーム取得: OK
2025-01-31 12:56:25 [INFO] テクスチャサイズ: 2304x1536
2025-01-31 12:56:25 [INFO] テクスチャコピー時間: 25.5µs
2025-01-31 12:56:25 [INFO] テクスチャマッピング時間: 1.1264ms
2025-01-31 12:56:25 [INFO] 全体の処理時間: 4.8504ms
2025-01-31 12:56:25 [INFO] フレーム処理時間: 7.526ms
2025-01-31 12:56:25 [INFO] フレーム変換成功: 2304x1536
2025-01-31 12:56:26 [INFO] フレーム取得: OK
2025-01-31 12:56:26 [INFO] テクスチャサイズ: 2304x1536
2025-01-31 12:56:26 [INFO] テクスチャコピー時間: 24.3µs
2025-01-31 12:56:26 [INFO] テクスチャマッピング時間: 1.1339ms
2025-01-31 12:56:26 [INFO] 全体の処理時間: 5.981ms
2025-01-31 12:56:26 [INFO] フレーム処理時間: 6.4366ms
2025-01-31 12:56:26 [INFO] フレーム変換成功: 2304x1536
2025-01-31 12:56:26 [INFO] フレーム取得: OK
2025-01-31 12:56:26 [INFO] テクスチャサイズ: 2304x1536
2025-01-31 12:56:26 [INFO] テクスチャコピー時間: 23.7µs
2025-01-31 12:56:26 [INFO] テクスチャマッピング時間: 1.1358ms
2025-01-31 12:56:26 [INFO] 全体の処理時間: 6.4421ms
2025-01-31 12:56:26 [INFO] フレーム処理時間: 6.8203ms
2025-01-31 12:56:26 [INFO] フレーム変換成功: 2304x1536
2025-01-31 12:56:26 [INFO] フレーム取得: OK
2025-01-31 12:56:26 [INFO] テクスチャサイズ: 2304x1536
2025-01-31 12:56:26 [INFO] テクスチャコピー時間: 17.1µs
2025-01-31 12:56:26 [INFO] テクスチャマッピング時間: 1.1623ms
2025-01-31 12:56:26 [INFO] 全体の処理時間: 7.9236ms
2025-01-31 12:56:26 [INFO] フレーム処理時間: 8.3663ms
2025-01-31 12:56:26 [INFO] フレーム変換成功: 2304x1536
2025-01-31 12:56:26 [INFO] フレーム取得: OK
2025-01-31 12:56:26 [INFO] テクスチャサイズ: 2304x1536
2025-01-31 12:56:26 [INFO] テクスチャコピー時間: 18.2µs
2025-01-31 12:56:26 [INFO] テクスチャマッピング時間: 1.1323ms
2025-01-31 12:56:26 [INFO] 全体の処理時間: 5.475ms
2025-01-31 12:56:26 [INFO] フレーム処理時間: 6.7404ms
2025-01-31 12:56:26 [INFO] フレーム変換成功: 2304x1536
2025-01-31 12:56:26 [INFO] フレーム取得: OK
2025-01-31 12:56:26 [INFO] テクスチャサイズ: 2304x1536
2025-01-31 12:56:26 [INFO] テクスチャコピー時間: 11.7µs
2025-01-31 12:56:26 [INFO] テクスチャマッピング時間: 1.0859ms
2025-01-31 12:56:26 [INFO] 全体の処理時間: 4.296ms
2025-01-31 12:56:26 [INFO] フレーム処理時間: 5.2979ms
2025-01-31 12:56:26 [INFO] フレーム変換成功: 2304x1536
2025-01-31 12:56:26 [INFO] フレーム取得: OK
2025-01-31 12:56:26 [INFO] テクスチャサイズ: 2304x1536
2025-01-31 12:56:26 [INFO] テクスチャコピー時間: 20.5µs
2025-01-31 12:56:26 [INFO] テクスチャマッピング時間: 1.1528ms
2025-01-31 12:56:26 [INFO] 全体の処理時間: 10.4158ms
2025-01-31 12:56:26 [INFO] フレーム処理時間: 10.7888ms
2025-01-31 12:56:26 [INFO] フレーム変換成功: 2304x1536
2025-01-31 12:56:26 [INFO] フレーム取得: OK
2025-01-31 12:56:26 [INFO] テクスチャサイズ: 2304x1536
2025-01-31 12:56:26 [INFO] テクスチャコピー時間: 15.2µs
2025-01-31 12:56:26 [INFO] テクスチャマッピング時間: 1.0883ms
2025-01-31 12:56:26 [INFO] 全体の処理時間: 7.0433ms
2025-01-31 12:56:26 [INFO] フレーム処理時間: 7.3126ms
2025-01-31 12:56:26 [INFO] フレーム変換成功: 2304x1536
2025-01-31 12:56:26 [INFO] フレーム取得: OK
2025-01-31 12:56:26 [INFO] テクスチャサイズ: 2304x1536
2025-01-31 12:56:26 [INFO] テクスチャコピー時間: 20.3µs
2025-01-31 12:56:26 [INFO] テクスチャマッピング時間: 1.1276ms
2025-01-31 12:56:26 [INFO] 全体の処理時間: 6.6829ms
2025-01-31 12:56:26 [INFO] フレーム処理時間: 6.8481ms
2025-01-31 12:56:26 [INFO] フレーム変換成功: 2304x1536
2025-01-31 12:56:26 [INFO] フレーム取得: OK
2025-01-31 12:56:26 [INFO] テクスチャサイズ: 2304x1536
2025-01-31 12:56:26 [INFO] テクスチャコピー時間: 19.7µs
2025-01-31 12:56:26 [INFO] テクスチャマッピング時間: 1.1658ms
2025-01-31 12:56:26 [INFO] 全体の処理時間: 5.7191ms
2025-01-31 12:56:26 [INFO] フレーム処理時間: 6.178ms
2025-01-31 12:56:26 [INFO] フレーム変換成功: 2304x1536
2025-01-31 12:56:26 [INFO] フレーム取得: OK
2025-01-31 12:56:26 [INFO] テクスチャサイズ: 2304x1536
2025-01-31 12:56:26 [INFO] テクスチャコピー時間: 19.2µs
2025-01-31 12:56:26 [INFO] テクスチャマッピング時間: 1.1755ms
2025-01-31 12:56:26 [INFO] 全体の処理時間: 4.6755ms
2025-01-31 12:56:26 [INFO] フレーム処理時間: 5.043ms
2025-01-31 12:56:26 [INFO] フレーム変換成功: 2304x1536
2025-01-31 12:56:26 [INFO] フレーム取得: OK
2025-01-31 12:56:26 [INFO] テクスチャサイズ: 2304x1536
2025-01-31 12:56:26 [INFO] テクスチャコピー時間: 17.4µs
2025-01-31 12:56:26 [INFO] テクスチャマッピング時間: 1.1221ms
2025-01-31 12:56:26 [INFO] 全体の処理時間: 5.2146ms
2025-01-31 12:56:26 [INFO] フレーム処理時間: 5.5932ms
2025-01-31 12:56:26 [INFO] フレーム変換成功: 2304x1536
2025-01-31 12:56:26 [INFO] フレーム取得: OK
2025-01-31 12:56:26 [INFO] テクスチャサイズ: 2304x1536
2025-01-31 12:56:26 [INFO] テクスチャコピー時間: 17.9µs
2025-01-31 12:56:26 [INFO] テクスチャマッピング時間: 1.1141ms
2025-01-31 12:56:26 [INFO] 全体の処理時間: 6.0044ms
2025-01-31 12:56:26 [INFO] フレーム処理時間: 6.329ms
2025-01-31 12:56:26 [INFO] フレーム変換成功: 2304x1536
2025-01-31 12:56:26 [INFO] フレーム取得: OK
2025-01-31 12:56:26 [INFO] テクスチャサイズ: 2304x1536
2025-01-31 12:56:26 [INFO] テクスチャコピー時間: 13.3µs
2025-01-31 12:56:26 [INFO] テクスチャマッピング時間: 1.0984ms
2025-01-31 12:56:26 [INFO] 全体の処理時間: 7.9921ms
2025-01-31 12:56:26 [INFO] フレーム処理時間: 8.3733ms
2025-01-31 12:56:26 [INFO] フレーム変換成功: 2304x1536
2025-01-31 12:56:26 [INFO] フレーム取得: OK
2025-01-31 12:56:26 [INFO] テクスチャサイズ: 2304x1536
2025-01-31 12:56:26 [INFO] テクスチャコピー時間: 20.8µs
2025-01-31 12:56:26 [INFO] テクスチャマッピング時間: 1.1371ms
2025-01-31 12:56:26 [INFO] 全体の処理時間: 4.818ms
2025-01-31 12:56:26 [INFO] フレーム処理時間: 5.378ms
2025-01-31 12:56:26 [INFO] フレーム変換成功: 2304x1536
2025-01-31 12:56:26 [INFO] フレーム取得: OK
2025-01-31 12:56:26 [INFO] テクスチャサイズ: 2304x1536
2025-01-31 12:56:26 [INFO] テクスチャコピー時間: 17.2µs
2025-01-31 12:56:26 [INFO] テクスチャマッピング時間: 1.1131ms
2025-01-31 12:56:26 [INFO] 全体の処理時間: 5.2164ms
2025-01-31 12:56:26 [INFO] フレーム処理時間: 5.3883ms
2025-01-31 12:56:26 [INFO] フレーム変換成功: 2304x1536
2025-01-31 12:56:26 [INFO] フレーム取得: OK
2025-01-31 12:56:26 [INFO] テクスチャサイズ: 2304x1536
2025-01-31 12:56:26 [INFO] テクスチャコピー時間: 19.3µs
2025-01-31 12:56:26 [INFO] テクスチャマッピング時間: 1.1157ms
2025-01-31 12:56:26 [INFO] 全体の処理時間: 5.1922ms
2025-01-31 12:56:26 [INFO] フレーム処理時間: 5.3624ms
2025-01-31 12:56:26 [INFO] フレーム変換成功: 2304x1536
2025-01-31 12:56:26 [INFO] フレーム取得: OK
2025-01-31 12:56:26 [INFO] テクスチャサイズ: 2304x1536
2025-01-31 12:56:26 [INFO] テクスチャコピー時間: 14.3µs
2025-01-31 12:56:26 [INFO] テクスチャマッピング時間: 1.1097ms
2025-01-31 12:56:26 [INFO] 全体の処理時間: 8.5056ms
2025-01-31 12:56:26 [INFO] フレーム処理時間: 8.7852ms
2025-01-31 12:56:26 [INFO] フレーム変換成功: 2304x1536
2025-01-31 12:56:26 [INFO] フレーム取得: OK
2025-01-31 12:56:26 [INFO] テクスチャサイズ: 2304x1536
2025-01-31 12:56:26 [INFO] テクスチャコピー時間: 14.5µs
2025-01-31 12:56:26 [INFO] テクスチャマッピング時間: 887.3µs
2025-01-31 12:56:26 [INFO] 全体の処理時間: 6.1642ms
2025-01-31 12:56:26 [INFO] フレーム処理時間: 6.4233ms
2025-01-31 12:56:26 [INFO] フレーム変換成功: 2304x1536
2025-01-31 12:56:26 [INFO] フレーム取得: OK
2025-01-31 12:56:26 [INFO] テクスチャサイズ: 2304x1536
2025-01-31 12:56:26 [INFO] テクスチャコピー時間: 14.2µs
2025-01-31 12:56:26 [INFO] テクスチャマッピング時間: 1.1329ms
2025-01-31 12:56:26 [INFO] 全体の処理時間: 7.01ms
2025-01-31 12:56:26 [INFO] フレーム処理時間: 7.3871ms
2025-01-31 12:56:26 [INFO] フレーム変換成功: 2304x1536
2025-01-31 12:56:26 [INFO] フレーム取得: OK
2025-01-31 12:56:26 [INFO] テクスチャサイズ: 2304x1536
2025-01-31 12:56:26 [INFO] テクスチャコピー時間: 17.2µs
2025-01-31 12:56:26 [INFO] テクスチャマッピング時間: 1.1132ms
2025-01-31 12:56:26 [INFO] 全体の処理時間: 8.5057ms
2025-01-31 12:56:26 [INFO] フレーム処理時間: 9.5914ms
2025-01-31 12:56:26 [INFO] フレーム変換成功: 2304x1536
2025-01-31 12:56:26 [INFO] フレーム取得: OK
2025-01-31 12:56:26 [INFO] テクスチャサイズ: 2304x1536
2025-01-31 12:56:26 [INFO] テクスチャコピー時間: 15.8µs
2025-01-31 12:56:26 [INFO] テクスチャマッピング時間: 954.4µs
2025-01-31 12:56:26 [INFO] 全体の処理時間: 7.8426ms
2025-01-31 12:56:26 [INFO] フレーム処理時間: 8.3037ms
2025-01-31 12:56:26 [INFO] フレーム変換成功: 2304x1536
2025-01-31 12:56:26 [INFO] フレーム取得: OK
2025-01-31 12:56:26 [INFO] テクスチャサイズ: 2304x1536
2025-01-31 12:56:26 [INFO] テクスチャコピー時間: 20.5µs
2025-01-31 12:56:26 [INFO] テクスチャマッピング時間: 1.0948ms
2025-01-31 12:56:26 [INFO] 全体の処理時間: 7.5912ms
2025-01-31 12:56:26 [INFO] フレーム処理時間: 7.7866ms
2025-01-31 12:56:26 [INFO] フレーム変換成功: 2304x1536
2025-01-31 12:56:26 [INFO] フレーム取得: OK
2025-01-31 12:56:26 [INFO] テクスチャサイズ: 2304x1536
2025-01-31 12:56:26 [INFO] テクスチャコピー時間: 19.6µs
2025-01-31 12:56:26 [INFO] テクスチャマッピング時間: 1.1892ms
2025-01-31 12:56:26 [INFO] 全体の処理時間: 8.9469ms
2025-01-31 12:56:26 [INFO] フレーム処理時間: 9.153ms
2025-01-31 12:56:26 [INFO] フレーム変換成功: 2304x1536
2025-01-31 12:56:26 [INFO] フレーム取得: OK
2025-01-31 12:56:26 [INFO] テクスチャサイズ: 2304x1536
2025-01-31 12:56:26 [INFO] テクスチャコピー時間: 21.4µs
2025-01-31 12:56:26 [INFO] テクスチャマッピング時間: 1.1351ms
2025-01-31 12:56:26 [INFO] 全体の処理時間: 4.5127ms
2025-01-31 12:56:26 [INFO] フレーム処理時間: 5.0313ms
2025-01-31 12:56:26 [INFO] フレーム変換成功: 2304x1536
2025-01-31 12:56:27 [INFO] フレーム取得: OK
2025-01-31 12:56:27 [INFO] テクスチャサイズ: 2304x1536
2025-01-31 12:56:27 [INFO] テクスチャコピー時間: 19.2µs
2025-01-31 12:56:27 [INFO] テクスチャマッピング時間: 1.5692ms
2025-01-31 12:56:27 [INFO] 全体の処理時間: 5.1954ms
2025-01-31 12:56:27 [INFO] フレーム処理時間: 6.2233ms
2025-01-31 12:56:27 [INFO] フレーム変換成功: 2304x1536
2025-01-31 12:56:27 [INFO] フレーム取得: OK
2025-01-31 12:56:27 [INFO] テクスチャサイズ: 2304x1536
2025-01-31 12:56:27 [INFO] テクスチャコピー時間: 38.7µs
2025-01-31 12:56:27 [INFO] テクスチャマッピング時間: 1.2111ms
2025-01-31 12:56:27 [INFO] 全体の処理時間: 10.4807ms
2025-01-31 12:56:27 [INFO] フレーム処理時間: 10.8026ms
2025-01-31 12:56:27 [INFO] フレーム変換成功: 2304x1536
2025-01-31 12:56:27 [INFO] フレーム取得: OK
2025-01-31 12:56:27 [INFO] テクスチャサイズ: 2304x1536
2025-01-31 12:56:27 [INFO] テクスチャコピー時間: 12.1µs
2025-01-31 12:56:27 [INFO] テクスチャマッピング時間: 1.1394ms
2025-01-31 12:56:27 [INFO] 全体の処理時間: 4.457ms
2025-01-31 12:56:27 [INFO] フレーム処理時間: 5.5684ms
2025-01-31 12:56:27 [INFO] フレーム変換成功: 2304x1536
2025-01-31 12:56:27 [INFO] フレーム取得: OK
2025-01-31 12:56:27 [INFO] テクスチャサイズ: 2304x1536
2025-01-31 12:56:27 [INFO] テクスチャコピー時間: 45.3µs
2025-01-31 12:56:27 [INFO] テクスチャマッピング時間: 1.097ms
2025-01-31 12:56:27 [INFO] 全体の処理時間: 6.6682ms
2025-01-31 12:56:27 [INFO] フレーム処理時間: 7.5959ms
2025-01-31 12:56:27 [INFO] フレーム変換成功: 2304x1536
2025-01-31 12:56:27 [INFO] フレーム取得: OK
2025-01-31 12:56:27 [INFO] テクスチャサイズ: 2304x1536
2025-01-31 12:56:27 [INFO] テクスチャコピー時間: 15.3µs
2025-01-31 12:56:27 [INFO] テクスチャマッピング時間: 1.1124ms
2025-01-31 12:56:27 [INFO] 全体の処理時間: 5.3902ms
2025-01-31 12:56:27 [INFO] フレーム処理時間: 5.7218ms
2025-01-31 12:56:27 [INFO] フレーム変換成功: 2304x1536
2025-01-31 12:56:27 [INFO] フレーム取得: OK
2025-01-31 12:56:27 [INFO] テクスチャサイズ: 2304x1536
2025-01-31 12:56:27 [INFO] テクスチャコピー時間: 23.1µs
2025-01-31 12:56:27 [INFO] テクスチャマッピング時間: 1.0906ms
2025-01-31 12:56:27 [INFO] 全体の処理時間: 4.4346ms
2025-01-31 12:56:27 [INFO] フレーム処理時間: 4.6611ms
2025-01-31 12:56:27 [INFO] フレーム変換成功: 2304x1536
2025-01-31 12:56:27 [INFO] フレーム取得: OK
2025-01-31 12:56:27 [INFO] テクスチャサイズ: 2304x1536
2025-01-31 12:56:27 [INFO] テクスチャコピー時間: 11.3µs
2025-01-31 12:56:27 [INFO] テクスチャマッピング時間: 1.0791ms
2025-01-31 12:56:27 [INFO] 全体の処理時間: 6.5718ms
2025-01-31 12:56:27 [INFO] フレーム処理時間: 6.898ms
2025-01-31 12:56:27 [INFO] フレーム変換成功: 2304x1536
2025-01-31 12:56:27 [INFO] フレーム取得: OK
2025-01-31 12:56:27 [INFO] テクスチャサイズ: 2304x1536
2025-01-31 12:56:27 [INFO] テクスチャコピー時間: 27.8µs
2025-01-31 12:56:27 [INFO] テクスチャマッピング時間: 1.159ms
2025-01-31 12:56:27 [INFO] 全体の処理時間: 4.9128ms
2025-01-31 12:56:27 [INFO] フレーム処理時間: 6.1026ms
2025-01-31 12:56:27 [INFO] フレーム変換成功: 2304x1536
2025-01-31 12:56:27 [INFO] フレーム取得: OK
2025-01-31 12:56:27 [INFO] テクスチャサイズ: 2304x1536
2025-01-31 12:56:27 [INFO] テクスチャコピー時間: 33.8µs
2025-01-31 12:56:27 [INFO] テクスチャマッピング時間: 1.1491ms
2025-01-31 12:56:27 [INFO] 全体の処理時間: 12.5408ms
2025-01-31 12:56:27 [INFO] フレーム処理時間: 13.4063ms
2025-01-31 12:56:27 [INFO] フレーム変換成功: 2304x1536
2025-01-31 12:56:27 [INFO] フレーム取得: OK
2025-01-31 12:56:27 [INFO] テクスチャサイズ: 2304x1536
2025-01-31 12:56:27 [INFO] テクスチャコピー時間: 15.7µs
2025-01-31 12:56:27 [INFO] テクスチャマッピング時間: 1.1859ms
2025-01-31 12:56:27 [INFO] 全体の処理時間: 5.106ms
2025-01-31 12:56:27 [INFO] フレーム処理時間: 5.312ms
2025-01-31 12:56:27 [INFO] フレーム変換成功: 2304x1536
