2025-01-28 11:08:20 [INFO] ログシステムを初期化しました
2025-01-28 11:08:28 [INFO] [Camera] カメラの初期化開始 - インデックス: 0
2025-01-28 11:08:28 [INFO] [Camera] カメラインスタンスの作成を試行
2025-01-28 11:08:28 [INFO] [Camera] カメラインスタンスの作成成功
2025-01-28 11:08:28 [INFO] [Camera] フレームレート設定 - 目標: 60, 最大: 30, 設定値: 30
2025-01-28 11:08:28 [INFO] [Camera] ストリームのオープンを試行
2025-01-28 11:08:28 [INFO] [Camera] ストリームのオープン成功
2025-01-28 11:08:28 [INFO] [Camera] フレーム取得開始 - カメラ: Surface Camera Front
2025-01-28 11:08:28 [INFO] [Camera] フレームレート制御 - 次のフレームまで待機 (経過: 899.7µs, 間隔: 33.333335ms)
2025-01-28 11:08:28 [INFO] [Camera] フレーム取得開始 - カメラ: Surface Camera Front
2025-01-28 11:08:28 [INFO] [Camera] フレームレート制御 - 次のフレームまで待機 (経過: 10.5222ms, 間隔: 33.333335ms)
2025-01-28 11:08:28 [INFO] [Camera] フレーム取得開始 - カメラ: Surface Camera Front
2025-01-28 11:08:28 [INFO] [Camera] フレームレート制御 - 次のフレームまで待機 (経過: 19.0699ms, 間隔: 33.333335ms)
2025-01-28 11:08:28 [INFO] [Camera] フレーム取得開始 - カメラ: Surface Camera Front
2025-01-28 11:08:28 [INFO] [Camera] フレームレート制御 - 次のフレームまで待機 (経過: 29.9568ms, 間隔: 33.333335ms)
2025-01-28 11:08:28 [INFO] [Camera] フレーム取得開始 - カメラ: Surface Camera Front
2025-01-28 11:08:28 [INFO] [Camera] フレーム取得処理開始 - 最大3回まで再試行
2025-01-28 11:08:28 [INFO] [Camera] フレーム取得成功 - 試行回数: 1
2025-01-28 11:08:29 [INFO] [Camera] フレームデコード成功 - サイズ: 1920x1080
2025-01-28 11:08:29 [INFO] [Camera] 新規バッファ作成 - サイズ: 6220800
2025-01-28 11:08:29 [INFO] [Camera] フレーム更新完了 - 新規バッファ
2025-01-28 11:08:29 [INFO] [Camera] フレーム取得開始 - カメラ: Surface Camera Front
2025-01-28 11:08:29 [INFO] [Camera] フレーム取得処理開始 - 最大3回まで再試行
2025-01-28 11:08:29 [INFO] [Camera] フレーム取得成功 - 試行回数: 1
2025-01-28 11:08:29 [INFO] [Camera] フレームデコード成功 - サイズ: 1920x1080
2025-01-28 11:08:29 [INFO] [Camera] 既存バッファ再利用 - サイズ: 6220800
2025-01-28 11:08:29 [INFO] [Camera] フレーム更新完了 - バッファ再利用
2025-01-28 11:08:31 [INFO] [Camera] フレーム取得開始 - カメラ: Surface Camera Front
2025-01-28 11:08:31 [INFO] [Camera] フレーム取得処理開始 - 最大3回まで再試行
2025-01-28 11:08:31 [INFO] [Camera] フレーム取得成功 - 試行回数: 1
2025-01-28 11:08:31 [INFO] [Camera] フレームデコード成功 - サイズ: 1920x1080
2025-01-28 11:08:31 [INFO] [Camera] 既存バッファ再利用 - サイズ: 6220800
2025-01-28 11:08:31 [INFO] [Camera] フレーム更新完了 - バッファ再利用
2025-01-28 11:08:31 [INFO] [Camera] フレーム取得開始 - カメラ: Surface Camera Front
2025-01-28 11:08:31 [INFO] [Camera] フレーム取得処理開始 - 最大3回まで再試行
2025-01-28 11:08:31 [INFO] [Camera] フレーム取得成功 - 試行回数: 1
2025-01-28 11:08:32 [INFO] [Camera] フレームデコード成功 - サイズ: 1920x1080
2025-01-28 11:08:32 [INFO] [Camera] 既存バッファ再利用 - サイズ: 6220800
2025-01-28 11:08:32 [INFO] [Camera] フレーム更新完了 - バッファ再利用
2025-01-28 11:08:32 [INFO] [Camera] フレーム取得開始 - カメラ: Surface Camera Front
2025-01-28 11:08:32 [INFO] [Camera] フレーム取得処理開始 - 最大3回まで再試行
2025-01-28 11:08:32 [INFO] [Camera] フレーム取得成功 - 試行回数: 1
2025-01-28 11:08:32 [INFO] [Camera] フレームデコード成功 - サイズ: 1920x1080
2025-01-28 11:08:32 [INFO] [Camera] 既存バッファ再利用 - サイズ: 6220800
2025-01-28 11:08:32 [INFO] [Camera] フレーム更新完了 - バッファ再利用
2025-01-28 11:08:32 [INFO] [Camera] フレーム取得開始 - カメラ: Surface Camera Front
2025-01-28 11:08:32 [INFO] [Camera] フレーム取得処理開始 - 最大3回まで再試行
2025-01-28 11:08:32 [INFO] [Camera] フレーム取得成功 - 試行回数: 1
2025-01-28 11:08:32 [INFO] [Camera] フレームデコード成功 - サイズ: 1920x1080
2025-01-28 11:08:32 [INFO] [Camera] 既存バッファ再利用 - サイズ: 6220800
2025-01-28 11:08:32 [INFO] [Camera] フレーム更新完了 - バッファ再利用
2025-01-28 11:08:32 [INFO] [Camera] フレーム取得開始 - カメラ: Surface Camera Front
2025-01-28 11:08:32 [INFO] [Camera] フレーム取得処理開始 - 最大3回まで再試行
2025-01-28 11:08:32 [INFO] [Camera] フレーム取得成功 - 試行回数: 1
2025-01-28 11:08:32 [INFO] [Camera] フレームデコード成功 - サイズ: 1920x1080
2025-01-28 11:08:32 [INFO] [Camera] 既存バッファ再利用 - サイズ: 6220800
2025-01-28 11:08:32 [INFO] [Camera] フレーム更新完了 - バッファ再利用
2025-01-28 11:08:33 [INFO] [Camera] フレーム取得開始 - カメラ: Surface Camera Front
2025-01-28 11:08:33 [INFO] [Camera] フレーム取得処理開始 - 最大3回まで再試行
2025-01-28 11:08:33 [INFO] [Camera] フレーム取得成功 - 試行回数: 1
2025-01-28 11:08:33 [INFO] [Camera] フレームデコード成功 - サイズ: 1920x1080
2025-01-28 11:08:33 [INFO] [Camera] 既存バッファ再利用 - サイズ: 6220800
2025-01-28 11:08:33 [INFO] [Camera] フレーム更新完了 - バッファ再利用
2025-01-28 11:08:33 [INFO] [Camera] フレーム取得開始 - カメラ: Surface Camera Front
2025-01-28 11:08:33 [INFO] [Camera] フレーム取得処理開始 - 最大3回まで再試行
2025-01-28 11:08:33 [INFO] [Camera] フレーム取得成功 - 試行回数: 1
2025-01-28 11:08:33 [INFO] [Camera] フレームデコード成功 - サイズ: 1920x1080
2025-01-28 11:08:33 [INFO] [Camera] 既存バッファ再利用 - サイズ: 6220800
2025-01-28 11:08:33 [INFO] [Camera] フレーム更新完了 - バッファ再利用
2025-01-28 11:08:33 [INFO] [Camera] フレーム取得開始 - カメラ: Surface Camera Front
2025-01-28 11:08:33 [INFO] [Camera] フレーム取得処理開始 - 最大3回まで再試行
2025-01-28 11:08:33 [INFO] [Camera] フレーム取得成功 - 試行回数: 1
2025-01-28 11:08:33 [INFO] [Camera] フレームデコード成功 - サイズ: 1920x1080
2025-01-28 11:08:33 [INFO] [Camera] 既存バッファ再利用 - サイズ: 6220800
2025-01-28 11:08:33 [INFO] [Camera] フレーム更新完了 - バッファ再利用
2025-01-28 11:08:34 [INFO] [Camera] フレーム取得開始 - カメラ: Surface Camera Front
2025-01-28 11:08:34 [INFO] [Camera] フレーム取得処理開始 - 最大3回まで再試行
2025-01-28 11:08:34 [INFO] [Camera] フレーム取得成功 - 試行回数: 1
2025-01-28 11:08:34 [INFO] [Camera] フレームデコード成功 - サイズ: 1920x1080
2025-01-28 11:08:34 [INFO] [Camera] 既存バッファ再利用 - サイズ: 6220800
2025-01-28 11:08:34 [INFO] [Camera] フレーム更新完了 - バッファ再利用
2025-01-28 11:08:34 [INFO] [Camera] フレーム取得開始 - カメラ: Surface Camera Front
2025-01-28 11:08:34 [INFO] [Camera] フレーム取得処理開始 - 最大3回まで再試行
2025-01-28 11:08:34 [INFO] [Camera] フレーム取得成功 - 試行回数: 1
2025-01-28 11:08:34 [INFO] [Camera] フレームデコード成功 - サイズ: 1920x1080
2025-01-28 11:08:34 [INFO] [Camera] 既存バッファ再利用 - サイズ: 6220800
2025-01-28 11:08:34 [INFO] [Camera] フレーム更新完了 - バッファ再利用
2025-01-28 11:08:34 [INFO] [Camera] フレーム取得開始 - カメラ: Surface Camera Front
2025-01-28 11:08:34 [INFO] [Camera] フレーム取得処理開始 - 最大3回まで再試行
2025-01-28 11:08:34 [INFO] [Camera] フレーム取得成功 - 試行回数: 1
2025-01-28 11:08:34 [INFO] [Camera] フレームデコード成功 - サイズ: 1920x1080
2025-01-28 11:08:34 [INFO] [Camera] 既存バッファ再利用 - サイズ: 6220800
2025-01-28 11:08:34 [INFO] [Camera] フレーム更新完了 - バッファ再利用
2025-01-28 11:08:34 [INFO] [Camera] フレーム取得開始 - カメラ: Surface Camera Front
2025-01-28 11:08:34 [INFO] [Camera] フレーム取得処理開始 - 最大3回まで再試行
2025-01-28 11:08:34 [INFO] [Camera] フレーム取得成功 - 試行回数: 1
2025-01-28 11:08:35 [INFO] [Camera] フレームデコード成功 - サイズ: 1920x1080
2025-01-28 11:08:35 [INFO] [Camera] 既存バッファ再利用 - サイズ: 6220800
2025-01-28 11:08:35 [INFO] [Camera] フレーム更新完了 - バッファ再利用
2025-01-28 11:08:35 [INFO] [Camera] フレーム取得開始 - カメラ: Surface Camera Front
2025-01-28 11:08:35 [INFO] [Camera] フレーム取得処理開始 - 最大3回まで再試行
2025-01-28 11:08:35 [INFO] [Camera] フレーム取得成功 - 試行回数: 1
2025-01-28 11:08:35 [INFO] [Camera] フレームデコード成功 - サイズ: 1920x1080
2025-01-28 11:08:35 [INFO] [Camera] 既存バッファ再利用 - サイズ: 6220800
2025-01-28 11:08:35 [INFO] [Camera] フレーム更新完了 - バッファ再利用
2025-01-28 11:08:35 [INFO] [Camera] フレーム取得開始 - カメラ: Surface Camera Front
2025-01-28 11:08:35 [INFO] [Camera] フレーム取得処理開始 - 最大3回まで再試行
2025-01-28 11:08:35 [INFO] [Camera] フレーム取得成功 - 試行回数: 1
2025-01-28 11:08:35 [INFO] [Camera] フレームデコード成功 - サイズ: 1920x1080
2025-01-28 11:08:35 [INFO] [Camera] 既存バッファ再利用 - サイズ: 6220800
2025-01-28 11:08:35 [INFO] [Camera] フレーム更新完了 - バッファ再利用
2025-01-28 11:08:37 [INFO] [Camera] フレーム取得開始 - カメラ: Surface Camera Front
2025-01-28 11:08:37 [INFO] [Camera] フレーム取得処理開始 - 最大3回まで再試行
2025-01-28 11:08:37 [INFO] [Camera] フレーム取得成功 - 試行回数: 1
2025-01-28 11:08:37 [INFO] [Camera] フレームデコード成功 - サイズ: 1920x1080
2025-01-28 11:08:37 [INFO] [Camera] 既存バッファ再利用 - サイズ: 6220800
2025-01-28 11:08:37 [INFO] [Camera] フレーム更新完了 - バッファ再利用
2025-01-28 11:08:38 [INFO] [Camera] フレーム取得開始 - カメラ: Surface Camera Front
2025-01-28 11:08:38 [INFO] [Camera] フレーム取得処理開始 - 最大3回まで再試行
2025-01-28 11:08:38 [INFO] [Camera] フレーム取得成功 - 試行回数: 1
2025-01-28 11:08:38 [INFO] [Camera] フレームデコード成功 - サイズ: 1920x1080
2025-01-28 11:08:38 [INFO] [Camera] 既存バッファ再利用 - サイズ: 6220800
2025-01-28 11:08:38 [INFO] [Camera] フレーム更新完了 - バッファ再利用
2025-01-28 11:08:38 [INFO] [Camera] フレーム取得開始 - カメラ: Surface Camera Front
2025-01-28 11:08:38 [INFO] [Camera] フレーム取得処理開始 - 最大3回まで再試行
2025-01-28 11:08:38 [INFO] [Camera] フレーム取得成功 - 試行回数: 1
2025-01-28 11:08:38 [INFO] [Camera] フレームデコード成功 - サイズ: 1920x1080
2025-01-28 11:08:38 [INFO] [Camera] 既存バッファ再利用 - サイズ: 6220800
2025-01-28 11:08:38 [INFO] [Camera] フレーム更新完了 - バッファ再利用
2025-01-28 11:08:38 [INFO] [Camera] フレーム取得開始 - カメラ: Surface Camera Front
2025-01-28 11:08:38 [INFO] [Camera] フレーム取得処理開始 - 最大3回まで再試行
2025-01-28 11:08:38 [INFO] [Camera] フレーム取得成功 - 試行回数: 1
2025-01-28 11:08:38 [INFO] [Camera] フレームデコード成功 - サイズ: 1920x1080
2025-01-28 11:08:38 [INFO] [Camera] 既存バッファ再利用 - サイズ: 6220800
2025-01-28 11:08:38 [INFO] [Camera] フレーム更新完了 - バッファ再利用
2025-01-28 11:08:39 [INFO] [Camera] フレーム取得開始 - カメラ: Surface Camera Front
2025-01-28 11:08:39 [INFO] [Camera] フレーム取得処理開始 - 最大3回まで再試行
2025-01-28 11:08:39 [INFO] [Camera] フレーム取得成功 - 試行回数: 1
2025-01-28 11:08:39 [INFO] [Camera] フレームデコード成功 - サイズ: 1920x1080
2025-01-28 11:08:39 [INFO] [Camera] 既存バッファ再利用 - サイズ: 6220800
2025-01-28 11:08:39 [INFO] [Camera] フレーム更新完了 - バッファ再利用
2025-01-28 11:08:39 [INFO] [Camera] フレーム取得開始 - カメラ: Surface Camera Front
2025-01-28 11:08:39 [INFO] [Camera] フレーム取得処理開始 - 最大3回まで再試行
2025-01-28 11:08:39 [INFO] [Camera] フレーム取得成功 - 試行回数: 1
2025-01-28 11:08:39 [INFO] [Camera] フレームデコード成功 - サイズ: 1920x1080
2025-01-28 11:08:39 [INFO] [Camera] 既存バッファ再利用 - サイズ: 6220800
2025-01-28 11:08:39 [INFO] [Camera] フレーム更新完了 - バッファ再利用
2025-01-28 11:08:39 [INFO] [Camera] フレーム取得開始 - カメラ: Surface Camera Front
2025-01-28 11:08:39 [INFO] [Camera] フレーム取得処理開始 - 最大3回まで再試行
2025-01-28 11:08:39 [INFO] [Camera] フレーム取得成功 - 試行回数: 1
2025-01-28 11:08:39 [INFO] [Camera] フレームデコード成功 - サイズ: 1920x1080
2025-01-28 11:08:39 [INFO] [Camera] 既存バッファ再利用 - サイズ: 6220800
2025-01-28 11:08:39 [INFO] [Camera] フレーム更新完了 - バッファ再利用
2025-01-28 11:08:40 [INFO] [Camera] フレーム取得開始 - カメラ: Surface Camera Front
2025-01-28 11:08:40 [INFO] [Camera] フレーム取得処理開始 - 最大3回まで再試行
2025-01-28 11:08:40 [INFO] [Camera] フレーム取得成功 - 試行回数: 1
2025-01-28 11:08:40 [INFO] [Camera] フレームデコード成功 - サイズ: 1920x1080
2025-01-28 11:08:40 [INFO] [Camera] 既存バッファ再利用 - サイズ: 6220800
2025-01-28 11:08:40 [INFO] [Camera] フレーム更新完了 - バッファ再利用
2025-01-28 11:08:40 [INFO] [Camera] フレーム取得開始 - カメラ: Surface Camera Front
2025-01-28 11:08:40 [INFO] [Camera] フレーム取得処理開始 - 最大3回まで再試行
2025-01-28 11:08:40 [INFO] [Camera] フレーム取得成功 - 試行回数: 1
2025-01-28 11:08:40 [INFO] [Camera] フレームデコード成功 - サイズ: 1920x1080
2025-01-28 11:08:40 [INFO] [Camera] 既存バッファ再利用 - サイズ: 6220800
2025-01-28 11:08:40 [INFO] [Camera] フレーム更新完了 - バッファ再利用
2025-01-28 11:08:41 [INFO] [Camera] フレーム取得開始 - カメラ: Surface Camera Front
2025-01-28 11:08:41 [INFO] [Camera] フレーム取得処理開始 - 最大3回まで再試行
2025-01-28 11:08:41 [INFO] [Camera] フレーム取得成功 - 試行回数: 1
2025-01-28 11:08:41 [INFO] [Camera] フレームデコード成功 - サイズ: 1920x1080
2025-01-28 11:08:41 [INFO] [Camera] 既存バッファ再利用 - サイズ: 6220800
2025-01-28 11:08:41 [INFO] [Camera] フレーム更新完了 - バッファ再利用
2025-01-28 11:08:41 [INFO] [Camera] フレーム取得開始 - カメラ: Surface Camera Front
2025-01-28 11:08:41 [INFO] [Camera] フレーム取得処理開始 - 最大3回まで再試行
2025-01-28 11:08:41 [INFO] [Camera] フレーム取得成功 - 試行回数: 1
2025-01-28 11:08:41 [INFO] [Camera] フレームデコード成功 - サイズ: 1920x1080
2025-01-28 11:08:41 [INFO] [Camera] 既存バッファ再利用 - サイズ: 6220800
2025-01-28 11:08:41 [INFO] [Camera] フレーム更新完了 - バッファ再利用
2025-01-28 11:08:42 [INFO] [Camera] フレーム取得開始 - カメラ: Surface Camera Front
2025-01-28 11:08:42 [INFO] [Camera] フレーム取得処理開始 - 最大3回まで再試行
2025-01-28 11:08:42 [INFO] [Camera] フレーム取得成功 - 試行回数: 1
2025-01-28 11:08:42 [INFO] [Camera] フレームデコード成功 - サイズ: 1920x1080
2025-01-28 11:08:42 [INFO] [Camera] 既存バッファ再利用 - サイズ: 6220800
2025-01-28 11:08:42 [INFO] [Camera] フレーム更新完了 - バッファ再利用
2025-01-28 11:08:42 [INFO] [Camera] フレーム取得開始 - カメラ: Surface Camera Front
2025-01-28 11:08:42 [INFO] [Camera] フレーム取得処理開始 - 最大3回まで再試行
2025-01-28 11:08:42 [INFO] [Camera] フレーム取得成功 - 試行回数: 1
2025-01-28 11:08:42 [INFO] [Camera] フレームデコード成功 - サイズ: 1920x1080
2025-01-28 11:08:42 [INFO] [Camera] 既存バッファ再利用 - サイズ: 6220800
2025-01-28 11:08:42 [INFO] [Camera] フレーム更新完了 - バッファ再利用
2025-01-28 11:08:42 [INFO] [Camera] フレーム取得開始 - カメラ: Surface Camera Front
2025-01-28 11:08:42 [INFO] [Camera] フレーム取得処理開始 - 最大3回まで再試行
2025-01-28 11:08:42 [INFO] [Camera] フレーム取得成功 - 試行回数: 1
2025-01-28 11:08:42 [INFO] [Camera] フレームデコード成功 - サイズ: 1920x1080
2025-01-28 11:08:42 [INFO] [Camera] 既存バッファ再利用 - サイズ: 6220800
2025-01-28 11:08:42 [INFO] [Camera] フレーム更新完了 - バッファ再利用
2025-01-28 11:08:42 [INFO] [Camera] フレーム取得開始 - カメラ: Surface Camera Front
2025-01-28 11:08:42 [INFO] [Camera] フレーム取得処理開始 - 最大3回まで再試行
2025-01-28 11:08:42 [INFO] [Camera] フレーム取得成功 - 試行回数: 1
2025-01-28 11:08:43 [INFO] [Camera] フレームデコード成功 - サイズ: 1920x1080
2025-01-28 11:08:43 [INFO] [Camera] 既存バッファ再利用 - サイズ: 6220800
2025-01-28 11:08:43 [INFO] [Camera] フレーム更新完了 - バッファ再利用
2025-01-28 11:08:43 [INFO] [Camera] フレーム取得開始 - カメラ: Surface Camera Front
2025-01-28 11:08:43 [INFO] [Camera] フレーム取得処理開始 - 最大3回まで再試行
2025-01-28 11:08:43 [INFO] [Camera] フレーム取得成功 - 試行回数: 1
2025-01-28 11:08:43 [INFO] [Camera] フレームデコード成功 - サイズ: 1920x1080
2025-01-28 11:08:43 [INFO] [Camera] 既存バッファ再利用 - サイズ: 6220800
2025-01-28 11:08:43 [INFO] [Camera] フレーム更新完了 - バッファ再利用
2025-01-28 11:08:43 [INFO] [Camera] フレーム取得開始 - カメラ: Surface Camera Front
2025-01-28 11:08:43 [INFO] [Camera] フレーム取得処理開始 - 最大3回まで再試行
2025-01-28 11:08:43 [INFO] [Camera] フレーム取得成功 - 試行回数: 1
2025-01-28 11:08:43 [INFO] [Camera] フレームデコード成功 - サイズ: 1920x1080
2025-01-28 11:08:43 [INFO] [Camera] 既存バッファ再利用 - サイズ: 6220800
2025-01-28 11:08:43 [INFO] [Camera] フレーム更新完了 - バッファ再利用
2025-01-28 11:08:45 [INFO] [Camera] フレーム取得開始 - カメラ: Surface Camera Front
2025-01-28 11:08:45 [INFO] [Camera] フレーム取得処理開始 - 最大3回まで再試行
2025-01-28 11:08:45 [INFO] [Camera] フレーム取得成功 - 試行回数: 1
2025-01-28 11:08:46 [INFO] [Camera] フレームデコード成功 - サイズ: 1920x1080
2025-01-28 11:08:46 [INFO] [Camera] 既存バッファ再利用 - サイズ: 6220800
2025-01-28 11:08:46 [INFO] [Camera] フレーム更新完了 - バッファ再利用
2025-01-28 11:08:46 [INFO] [Camera] フレーム取得開始 - カメラ: Surface Camera Front
2025-01-28 11:08:46 [INFO] [Camera] フレーム取得処理開始 - 最大3回まで再試行
2025-01-28 11:08:46 [INFO] [Camera] フレーム取得成功 - 試行回数: 1
2025-01-28 11:08:46 [INFO] [Camera] フレームデコード成功 - サイズ: 1920x1080
2025-01-28 11:08:46 [INFO] [Camera] 既存バッファ再利用 - サイズ: 6220800
2025-01-28 11:08:46 [INFO] [Camera] フレーム更新完了 - バッファ再利用
2025-01-28 11:08:46 [INFO] [Camera] フレーム取得開始 - カメラ: Surface Camera Front
2025-01-28 11:08:46 [INFO] [Camera] フレーム取得処理開始 - 最大3回まで再試行
2025-01-28 11:08:46 [INFO] [Camera] フレーム取得成功 - 試行回数: 1
2025-01-28 11:08:46 [INFO] [Camera] フレームデコード成功 - サイズ: 1920x1080
2025-01-28 11:08:46 [INFO] [Camera] 既存バッファ再利用 - サイズ: 6220800
2025-01-28 11:08:46 [INFO] [Camera] フレーム更新完了 - バッファ再利用
2025-01-28 11:08:46 [INFO] [Camera] フレーム取得開始 - カメラ: Surface Camera Front
2025-01-28 11:08:46 [INFO] [Camera] フレーム取得処理開始 - 最大3回まで再試行
2025-01-28 11:08:46 [INFO] [Camera] フレーム取得成功 - 試行回数: 1
2025-01-28 11:08:46 [INFO] [Camera] フレームデコード成功 - サイズ: 1920x1080
2025-01-28 11:08:46 [INFO] [Camera] 既存バッファ再利用 - サイズ: 6220800
2025-01-28 11:08:46 [INFO] [Camera] フレーム更新完了 - バッファ再利用
2025-01-28 11:08:47 [INFO] [Camera] フレーム取得開始 - カメラ: Surface Camera Front
2025-01-28 11:08:47 [INFO] [Camera] フレーム取得処理開始 - 最大3回まで再試行
2025-01-28 11:08:47 [INFO] [Camera] フレーム取得成功 - 試行回数: 1
2025-01-28 11:08:47 [INFO] [Camera] フレームデコード成功 - サイズ: 1920x1080
2025-01-28 11:08:47 [INFO] [Camera] 既存バッファ再利用 - サイズ: 6220800
2025-01-28 11:08:47 [INFO] [Camera] フレーム更新完了 - バッファ再利用
2025-01-28 11:08:47 [INFO] [Camera] フレーム取得開始 - カメラ: Surface Camera Front
2025-01-28 11:08:47 [INFO] [Camera] フレーム取得処理開始 - 最大3回まで再試行
2025-01-28 11:08:47 [INFO] [Camera] フレーム取得成功 - 試行回数: 1
2025-01-28 11:08:47 [INFO] [Camera] フレームデコード成功 - サイズ: 1920x1080
2025-01-28 11:08:47 [INFO] [Camera] 既存バッファ再利用 - サイズ: 6220800
2025-01-28 11:08:47 [INFO] [Camera] フレーム更新完了 - バッファ再利用
2025-01-28 11:08:47 [INFO] [Camera] フレーム取得開始 - カメラ: Surface Camera Front
2025-01-28 11:08:47 [INFO] [Camera] フレーム取得処理開始 - 最大3回まで再試行
2025-01-28 11:08:47 [INFO] [Camera] フレーム取得成功 - 試行回数: 1
2025-01-28 11:08:47 [INFO] [Camera] フレームデコード成功 - サイズ: 1920x1080
2025-01-28 11:08:47 [INFO] [Camera] 既存バッファ再利用 - サイズ: 6220800
2025-01-28 11:08:47 [INFO] [Camera] フレーム更新完了 - バッファ再利用
